<?xml version="1.0" encoding="UTF-8"?>
<testsuite xmlns:xsi="http://www.w3.org/2001/XMLSchema-instance" xsi:noNamespaceSchemaLocation="https://maven.apache.org/surefire/maven-surefire-plugin/xsd/surefire-test-report.xsd" version="3.0.2" name="br.com.oliveirawillian.integrationtests.controllers.withyaml.PersonControllerYamlTest" time="2.27" tests="8" errors="0" skipped="0" failures="0">
  <properties>
[...]
</properties>
  <testcase name="signin" classname="br.com.oliveirawillian.integrationtests.controllers.withyaml.PersonControllerYamlTest" time="0.424">
    <system-out><![CDATA[2025-12-08T10:49:18.479-03:00  INFO 13412 --- [rest-with-spring-boot-and-java-erudio] [           main] t.c.s.AnnotationConfigContextLoaderUtils : Could not detect default configuration classes for test class [br.com.oliveirawillian.integrationtests.testcontainers.AbstractIntegrationTest]: AbstractIntegrationTest does not declare any static, non-private, non-final, nested classes annotated with @Configuration.
2025-12-08T10:49:18.479-03:00  INFO 13412 --- [rest-with-spring-boot-and-java-erudio] [           main] .b.t.c.SpringBootTestContextBootstrapper : Found @SpringBootConfiguration br.com.oliveirawillian.Startup for test class br.com.oliveirawillian.integrationtests.controllers.withyaml.PersonControllerYamlTest
]]></system-out>
  </testcase>
  <testcase name="createTest" classname="br.com.oliveirawillian.integrationtests.controllers.withyaml.PersonControllerYamlTest" time="0.119">
    <system-out><![CDATA[Request method:	POST
Request URI:	http://localhost:80/api/person/v1
Proxy:			<none>
Request params:	<none>
Query params:	<none>
Form params:	<none>
Path params:	<none>
Headers:		Origin=https://erudio.com.br
				Authorization=Bearer eyJhbGciOiJIUzI1NiIsInR5cCI6IkpXVCJ9.eyJyb2xlcyI6WyJBRE1JTiIsIk1BTkFHRVIiXSwiaWF0IjoxNzY1MjAxNzU4LCJleHAiOjE3NjUyMDUzNTgsInN1YiI6ImxlYW5kcm8iLCJpc3MiOiJodHRwOi8vbG9jYWxob3N0In0.hXqPoaE2I2-4C3egTUoq6EvI9nLyjWq9awNhpTqaFYQ
				Accept=application/yaml
				Content-Type=application/yaml; charset=ISO-8859-1
Cookies:		<none>
Multiparts:		<none>
Body:
---
id: null
firstName: "Linus"
lastName: "Torvalds"
address: "Helsinki - Finland"
gender: "Male"
enabled: true
photoUrl: "https://pub.erudio.com.br/meus-cursos"
profileUrl: "https://pub.erudio.com.br/meus-cursos"

HTTP/1.1 200 
Vary: Origin
Vary: Access-Control-Request-Method
Vary: Access-Control-Request-Headers
Access-Control-Allow-Origin: https://erudio.com.br
Access-Control-Allow-Credentials: true
X-Content-Type-Options: nosniff
X-XSS-Protection: 0
Cache-Control: no-cache, no-store, max-age=0, must-revalidate
Pragma: no-cache
Expires: 0
X-Frame-Options: DENY
Content-Type: application/yaml
Transfer-Encoding: chunked
Date: Mon, 08 Dec 2025 13:49:19 GMT
Keep-Alive: timeout=60
Connection: keep-alive

---
id: 1015
firstName: "Linus"
lastName: "Torvalds"
address: "Helsinki - Finland"
gender: "Male"
enabled: true
photoUrl: "https://pub.erudio.com.br/meus-cursos"
profileUrl: "https://pub.erudio.com.br/meus-cursos"
links:
- rel: "self"
  href: "http://localhost/api/person/v1/1015"
  type: "GET"
- rel: "findAll"
  href: "http://localhost/api/person/v1?page=1&size=12&direction=asc"
  type: "GET"
- rel: "findByName"
  href: "http://localhost/api/person/v1/findPeopleByName/?page=1&size=11&direction=asc"
  type: "GET"
- rel: "create"
  href: "http://localhost/api/person/v1"
  type: "POST"
- rel: "massCreation"
  href: "http://localhost/api/person/v1/massCreation"
  type: "POST"
- rel: "update"
  href: "http://localhost/api/person/v1"
  type: "PUT"
- rel: "disable"
  href: "http://localhost/api/person/v1/1015"
  type: "PATCH"
- rel: "delete"
  href: "http://localhost/api/person/v1/1015"
  type: "DELETE"
- rel: "exportPage"
  href: "http://localhost/api/person/v1/exportPage?page=1&size=12&direction=asc"
  title: "Export People"
  type: "GET"

]]></system-out>
  </testcase>
  <testcase name="updateTest" classname="br.com.oliveirawillian.integrationtests.controllers.withyaml.PersonControllerYamlTest" time="0.183">
    <system-out><![CDATA[Request method:	PUT
Request URI:	http://localhost:80/api/person/v1
Proxy:			<none>
Request params:	<none>
Query params:	<none>
Form params:	<none>
Path params:	<none>
Headers:		Origin=https://erudio.com.br
				Authorization=Bearer eyJhbGciOiJIUzI1NiIsInR5cCI6IkpXVCJ9.eyJyb2xlcyI6WyJBRE1JTiIsIk1BTkFHRVIiXSwiaWF0IjoxNzY1MjAxNzU4LCJleHAiOjE3NjUyMDUzNTgsInN1YiI6ImxlYW5kcm8iLCJpc3MiOiJodHRwOi8vbG9jYWxob3N0In0.hXqPoaE2I2-4C3egTUoq6EvI9nLyjWq9awNhpTqaFYQ
				Accept=application/yaml
				Content-Type=application/yaml; charset=ISO-8859-1
Cookies:		<none>
Multiparts:		<none>
Body:
---
id: 1015
firstName: "Linus"
lastName: "Benedict Torvalds"
address: "Helsinki - Finland"
gender: "Male"
enabled: true
photoUrl: "https://pub.erudio.com.br/meus-cursos"
profileUrl: "https://pub.erudio.com.br/meus-cursos"

HTTP/1.1 200 
Vary: Origin
Vary: Access-Control-Request-Method
Vary: Access-Control-Request-Headers
Access-Control-Allow-Origin: https://erudio.com.br
Access-Control-Allow-Credentials: true
X-Content-Type-Options: nosniff
X-XSS-Protection: 0
Cache-Control: no-cache, no-store, max-age=0, must-revalidate
Pragma: no-cache
Expires: 0
X-Frame-Options: DENY
Content-Type: application/yaml
Transfer-Encoding: chunked
Date: Mon, 08 Dec 2025 13:49:19 GMT
Keep-Alive: timeout=60
Connection: keep-alive

---
id: 1015
firstName: "Linus"
lastName: "Benedict Torvalds"
address: "Helsinki - Finland"
gender: "Male"
enabled: true
photoUrl: "https://pub.erudio.com.br/meus-cursos"
profileUrl: "https://pub.erudio.com.br/meus-cursos"
links:
- rel: "self"
  href: "http://localhost/api/person/v1/1015"
  type: "GET"
- rel: "findAll"
  href: "http://localhost/api/person/v1?page=1&size=12&direction=asc"
  type: "GET"
- rel: "findByName"
  href: "http://localhost/api/person/v1/findPeopleByName/?page=1&size=11&direction=asc"
  type: "GET"
- rel: "create"
  href: "http://localhost/api/person/v1"
  type: "POST"
- rel: "massCreation"
  href: "http://localhost/api/person/v1/massCreation"
  type: "POST"
- rel: "update"
  href: "http://localhost/api/person/v1"
  type: "PUT"
- rel: "disable"
  href: "http://localhost/api/person/v1/1015"
  type: "PATCH"
- rel: "delete"
  href: "http://localhost/api/person/v1/1015"
  type: "DELETE"
- rel: "exportPage"
  href: "http://localhost/api/person/v1/exportPage?page=1&size=12&direction=asc"
  title: "Export People"
  type: "GET"

]]></system-out>
  </testcase>
  <testcase name="findByIdTest" classname="br.com.oliveirawillian.integrationtests.controllers.withyaml.PersonControllerYamlTest" time="0.119">
    <system-out><![CDATA[Request method:	GET
Request URI:	http://localhost:80/api/person/v1/1015
Proxy:			<none>
Request params:	<none>
Query params:	<none>
Form params:	<none>
Path params:	id=1015
Headers:		Origin=https://erudio.com.br
				Authorization=Bearer eyJhbGciOiJIUzI1NiIsInR5cCI6IkpXVCJ9.eyJyb2xlcyI6WyJBRE1JTiIsIk1BTkFHRVIiXSwiaWF0IjoxNzY1MjAxNzU4LCJleHAiOjE3NjUyMDUzNTgsInN1YiI6ImxlYW5kcm8iLCJpc3MiOiJodHRwOi8vbG9jYWxob3N0In0.hXqPoaE2I2-4C3egTUoq6EvI9nLyjWq9awNhpTqaFYQ
				Accept=application/yaml
				Content-Type=application/yaml; charset=ISO-8859-1
Cookies:		<none>
Multiparts:		<none>
Body:			<none>
HTTP/1.1 200 
Vary: Origin
Vary: Access-Control-Request-Method
Vary: Access-Control-Request-Headers
Access-Control-Allow-Origin: https://erudio.com.br
Access-Control-Allow-Credentials: true
X-Content-Type-Options: nosniff
X-XSS-Protection: 0
Cache-Control: no-cache, no-store, max-age=0, must-revalidate
Pragma: no-cache
Expires: 0
X-Frame-Options: DENY
Content-Type: application/yaml
Transfer-Encoding: chunked
Date: Mon, 08 Dec 2025 13:49:19 GMT
Keep-Alive: timeout=60
Connection: keep-alive

---
id: 1015
firstName: "Linus"
lastName: "Benedict Torvalds"
address: "Helsinki - Finland"
gender: "Male"
enabled: true
photoUrl: "https://pub.erudio.com.br/meus-cursos"
profileUrl: "https://pub.erudio.com.br/meus-cursos"
links:
- rel: "self"
  href: "http://localhost/api/person/v1/1015"
  type: "GET"
- rel: "findAll"
  href: "http://localhost/api/person/v1?page=1&size=12&direction=asc"
  type: "GET"
- rel: "findByName"
  href: "http://localhost/api/person/v1/findPeopleByName/?page=1&size=11&direction=asc"
  type: "GET"
- rel: "create"
  href: "http://localhost/api/person/v1"
  type: "POST"
- rel: "massCreation"
  href: "http://localhost/api/person/v1/massCreation"
  type: "POST"
- rel: "update"
  href: "http://localhost/api/person/v1"
  type: "PUT"
- rel: "disable"
  href: "http://localhost/api/person/v1/1015"
  type: "PATCH"
- rel: "delete"
  href: "http://localhost/api/person/v1/1015"
  type: "DELETE"
- rel: "exportPage"
  href: "http://localhost/api/person/v1/exportPage?page=1&size=12&direction=asc"
  title: "Export People"
  type: "GET"

]]></system-out>
  </testcase>
  <testcase name="disableTest" classname="br.com.oliveirawillian.integrationtests.controllers.withyaml.PersonControllerYamlTest" time="0.191">
    <system-out><![CDATA[Request method:	PATCH
Request URI:	http://localhost:80/api/person/v1/1015
Proxy:			<none>
Request params:	<none>
Query params:	<none>
Form params:	<none>
Path params:	id=1015
Headers:		Origin=https://erudio.com.br
				Authorization=Bearer eyJhbGciOiJIUzI1NiIsInR5cCI6IkpXVCJ9.eyJyb2xlcyI6WyJBRE1JTiIsIk1BTkFHRVIiXSwiaWF0IjoxNzY1MjAxNzU4LCJleHAiOjE3NjUyMDUzNTgsInN1YiI6ImxlYW5kcm8iLCJpc3MiOiJodHRwOi8vbG9jYWxob3N0In0.hXqPoaE2I2-4C3egTUoq6EvI9nLyjWq9awNhpTqaFYQ
				Accept=application/yaml
Cookies:		<none>
Multiparts:		<none>
Body:			<none>
HTTP/1.1 200 
Vary: Origin
Vary: Access-Control-Request-Method
Vary: Access-Control-Request-Headers
Access-Control-Allow-Origin: https://erudio.com.br
Access-Control-Allow-Credentials: true
X-Content-Type-Options: nosniff
X-XSS-Protection: 0
Cache-Control: no-cache, no-store, max-age=0, must-revalidate
Pragma: no-cache
Expires: 0
X-Frame-Options: DENY
Content-Type: application/yaml
Transfer-Encoding: chunked
Date: Mon, 08 Dec 2025 13:49:19 GMT
Keep-Alive: timeout=60
Connection: keep-alive

---
id: 1015
firstName: "Linus"
lastName: "Benedict Torvalds"
address: "Helsinki - Finland"
gender: "Male"
enabled: false
photoUrl: "https://pub.erudio.com.br/meus-cursos"
profileUrl: "https://pub.erudio.com.br/meus-cursos"
links:
- rel: "self"
  href: "http://localhost/api/person/v1/1015"
  type: "GET"
- rel: "findAll"
  href: "http://localhost/api/person/v1?page=1&size=12&direction=asc"
  type: "GET"
- rel: "findByName"
  href: "http://localhost/api/person/v1/findPeopleByName/?page=1&size=11&direction=asc"
  type: "GET"
- rel: "create"
  href: "http://localhost/api/person/v1"
  type: "POST"
- rel: "massCreation"
  href: "http://localhost/api/person/v1/massCreation"
  type: "POST"
- rel: "update"
  href: "http://localhost/api/person/v1"
  type: "PUT"
- rel: "disable"
  href: "http://localhost/api/person/v1/1015"
  type: "PATCH"
- rel: "delete"
  href: "http://localhost/api/person/v1/1015"
  type: "DELETE"
- rel: "exportPage"
  href: "http://localhost/api/person/v1/exportPage?page=1&size=12&direction=asc"
  title: "Export People"
  type: "GET"

]]></system-out>
  </testcase>
  <testcase name="deleteTest" classname="br.com.oliveirawillian.integrationtests.controllers.withyaml.PersonControllerYamlTest" time="0.168">
    <system-out><![CDATA[Request method:	DELETE
Request URI:	http://localhost:80/api/person/v1/1015
Proxy:			<none>
Request params:	<none>
Query params:	<none>
Form params:	<none>
Path params:	id=1015
Headers:		Origin=https://erudio.com.br
				Authorization=Bearer eyJhbGciOiJIUzI1NiIsInR5cCI6IkpXVCJ9.eyJyb2xlcyI6WyJBRE1JTiIsIk1BTkFHRVIiXSwiaWF0IjoxNzY1MjAxNzU4LCJleHAiOjE3NjUyMDUzNTgsInN1YiI6ImxlYW5kcm8iLCJpc3MiOiJodHRwOi8vbG9jYWxob3N0In0.hXqPoaE2I2-4C3egTUoq6EvI9nLyjWq9awNhpTqaFYQ
				Accept=*/*
Cookies:		<none>
Multiparts:		<none>
Body:			<none>
HTTP/1.1 204 
Vary: Origin
Vary: Access-Control-Request-Method
Vary: Access-Control-Request-Headers
Access-Control-Allow-Origin: https://erudio.com.br
Access-Control-Allow-Credentials: true
X-Content-Type-Options: nosniff
X-XSS-Protection: 0
Cache-Control: no-cache, no-store, max-age=0, must-revalidate
Pragma: no-cache
Expires: 0
X-Frame-Options: DENY
Date: Mon, 08 Dec 2025 13:49:19 GMT
Keep-Alive: timeout=60
Connection: keep-alive
]]></system-out>
  </testcase>
  <testcase name="findAllTest" classname="br.com.oliveirawillian.integrationtests.controllers.withyaml.PersonControllerYamlTest" time="0.539">
    <system-out><![CDATA[Request method:	GET
Request URI:	http://localhost:80/api/person/v1?page=3&page=size&page=12&page=direction&page=asc
Proxy:			<none>
Request params:	<none>
Query params:	page=[3, size, 12, direction, asc]
Form params:	<none>
Path params:	<none>
Headers:		Origin=https://erudio.com.br
				Authorization=Bearer eyJhbGciOiJIUzI1NiIsInR5cCI6IkpXVCJ9.eyJyb2xlcyI6WyJBRE1JTiIsIk1BTkFHRVIiXSwiaWF0IjoxNzY1MjAxNzU4LCJleHAiOjE3NjUyMDUzNTgsInN1YiI6ImxlYW5kcm8iLCJpc3MiOiJodHRwOi8vbG9jYWxob3N0In0.hXqPoaE2I2-4C3egTUoq6EvI9nLyjWq9awNhpTqaFYQ
				Accept=application/yaml
Cookies:		<none>
Multiparts:		<none>
Body:			<none>
HTTP/1.1 200 
Vary: Origin
Vary: Access-Control-Request-Method
Vary: Access-Control-Request-Headers
Access-Control-Allow-Origin: https://erudio.com.br
Access-Control-Allow-Credentials: true
X-Content-Type-Options: nosniff
X-XSS-Protection: 0
Cache-Control: no-cache, no-store, max-age=0, must-revalidate
Pragma: no-cache
Expires: 0
X-Frame-Options: DENY
Content-Type: application/yaml
Transfer-Encoding: chunked
Date: Mon, 08 Dec 2025 13:49:20 GMT
Keep-Alive: timeout=60
Connection: keep-alive

---
links:
- rel: "first"
  href: "http://localhost/api/person/v1?direction=firstName%3A%20ASC&page=0&size=12&sort=firstName,asc"
- rel: "prev"
  href: "http://localhost/api/person/v1?direction=firstName%3A%20ASC&page=2&size=12&sort=firstName,asc"
- rel: "self"
  href: "http://localhost/api/person/v1?page=3&size=12&direction=firstName%3A%20ASC"
- rel: "next"
  href: "http://localhost/api/person/v1?direction=firstName%3A%20ASC&page=4&size=12&sort=firstName,asc"
- rel: "last"
  href: "http://localhost/api/person/v1?direction=firstName%3A%20ASC&page=84&size=12&sort=firstName,asc"
content:
- id: 460
  firstName: "Allayne"
  lastName: "Silveston"
  address: "Suite 3"
  gender: "Male"
  enabled: true
  photoUrl: "https://raw.githubusercontent.com/leandrocgsi/rest-with-spring-boot-and-java-erudio/refs/heads/main/photos/00_some_person.jpg"
  profileUrl: "https://pub.erudio.com.br/meus-cursos"
  links:
  - rel: "self"
    href: "http://localhost/api/person/v1/460"
    type: "GET"
  - rel: "findAll"
    href: "http://localhost/api/person/v1?page=1&size=12&direction=asc"
    type: "GET"
  - rel: "findByName"
    href: "http://localhost/api/person/v1/findPeopleByName/?page=1&size=11&direction=asc"
    type: "GET"
  - rel: "create"
    href: "http://localhost/api/person/v1"
    type: "POST"
  - rel: "massCreation"
    href: "http://localhost/api/person/v1/massCreation"
    type: "POST"
  - rel: "update"
    href: "http://localhost/api/person/v1"
    type: "PUT"
  - rel: "disable"
    href: "http://localhost/api/person/v1/460"
    type: "PATCH"
  - rel: "delete"
    href: "http://localhost/api/person/v1/460"
    type: "DELETE"
  - rel: "exportPage"
    href: "http://localhost/api/person/v1/exportPage?page=1&size=12&direction=asc"
    title: "Export People"
    type: "GET"
  links: []
- id: 273
  firstName: "Allene"
  lastName: "Tingley"
  address: "Apt 1514"
  gender: "Female"
  enabled: false
  photoUrl: "https://raw.githubusercontent.com/leandrocgsi/rest-with-spring-boot-and-java-erudio/refs/heads/main/photos/00_some_person.jpg"
  profileUrl: "https://pub.erudio.com.br/meus-cursos"
  links:
  - rel: "self"
    href: "http://localhost/api/person/v1/273"
    type: "GET"
  - rel: "findAll"
    href: "http://localhost/api/person/v1?page=1&size=12&direction=asc"
    type: "GET"
  - rel: "findByName"
    href: "http://localhost/api/person/v1/findPeopleByName/?page=1&size=11&direction=asc"
    type: "GET"
  - rel: "create"
    href: "http://localhost/api/person/v1"
    type: "POST"
  - rel: "massCreation"
    href: "http://localhost/api/person/v1/massCreation"
    type: "POST"
  - rel: "update"
    href: "http://localhost/api/person/v1"
    type: "PUT"
  - rel: "disable"
    href: "http://localhost/api/person/v1/273"
    type: "PATCH"
  - rel: "delete"
    href: "http://localhost/api/person/v1/273"
    type: "DELETE"
  - rel: "exportPage"
    href: "http://localhost/api/person/v1/exportPage?page=1&size=12&direction=asc"
    title: "Export People"
    type: "GET"
  links: []
- id: 325
  firstName: "Allie"
  lastName: "Glowinski"
  address: "Room 171"
  gender: "Male"
  enabled: false
  photoUrl: "https://raw.githubusercontent.com/leandrocgsi/rest-with-spring-boot-and-java-erudio/refs/heads/main/photos/00_some_person.jpg"
  profileUrl: "https://pub.erudio.com.br/meus-cursos"
  links:
  - rel: "self"
    href: "http://localhost/api/person/v1/325"
    type: "GET"
  - rel: "findAll"
    href: "http://localhost/api/person/v1?page=1&size=12&direction=asc"
    type: "GET"
  - rel: "findByName"
    href: "http://localhost/api/person/v1/findPeopleByName/?page=1&size=11&direction=asc"
    type: "GET"
  - rel: "create"
    href: "http://localhost/api/person/v1"
    type: "POST"
  - rel: "massCreation"
    href: "http://localhost/api/person/v1/massCreation"
    type: "POST"
  - rel: "update"
    href: "http://localhost/api/person/v1"
    type: "PUT"
  - rel: "disable"
    href: "http://localhost/api/person/v1/325"
    type: "PATCH"
  - rel: "delete"
    href: "http://localhost/api/person/v1/325"
    type: "DELETE"
  - rel: "exportPage"
    href: "http://localhost/api/person/v1/exportPage?page=1&size=12&direction=asc"
    title: "Export People"
    type: "GET"
  links: []
- id: 200
  firstName: "Almeda"
  lastName: "Blayney"
  address: "Room 287"
  gender: "Female"
  enabled: true
  photoUrl: "https://raw.githubusercontent.com/leandrocgsi/rest-with-spring-boot-and-java-erudio/refs/heads/main/photos/00_some_person.jpg"
  profileUrl: "https://pub.erudio.com.br/meus-cursos"
  links:
  - rel: "self"
    href: "http://localhost/api/person/v1/200"
    type: "GET"
  - rel: "findAll"
    href: "http://localhost/api/person/v1?page=1&size=12&direction=asc"
    type: "GET"
  - rel: "findByName"
    href: "http://localhost/api/person/v1/findPeopleByName/?page=1&size=11&direction=asc"
    type: "GET"
  - rel: "create"
    href: "http://localhost/api/person/v1"
    type: "POST"
  - rel: "massCreation"
    href: "http://localhost/api/person/v1/massCreation"
    type: "POST"
  - rel: "update"
    href: "http://localhost/api/person/v1"
    type: "PUT"
  - rel: "disable"
    href: "http://localhost/api/person/v1/200"
    type: "PATCH"
  - rel: "delete"
    href: "http://localhost/api/person/v1/200"
    type: "DELETE"
  - rel: "exportPage"
    href: "http://localhost/api/person/v1/exportPage?page=1&size=12&direction=asc"
    title: "Export People"
    type: "GET"
  links: []
- id: 619
  firstName: "Almire"
  lastName: "Tschursch"
  address: "Room 1877"
  gender: "Female"
  enabled: true
  photoUrl: "https://raw.githubusercontent.com/leandrocgsi/rest-with-spring-boot-and-java-erudio/refs/heads/main/photos/00_some_person.jpg"
  profileUrl: "https://pub.erudio.com.br/meus-cursos"
  links:
  - rel: "self"
    href: "http://localhost/api/person/v1/619"
    type: "GET"
  - rel: "findAll"
    href: "http://localhost/api/person/v1?page=1&size=12&direction=asc"
    type: "GET"
  - rel: "findByName"
    href: "http://localhost/api/person/v1/findPeopleByName/?page=1&size=11&direction=asc"
    type: "GET"
  - rel: "create"
    href: "http://localhost/api/person/v1"
    type: "POST"
  - rel: "massCreation"
    href: "http://localhost/api/person/v1/massCreation"
    type: "POST"
  - rel: "update"
    href: "http://localhost/api/person/v1"
    type: "PUT"
  - rel: "disable"
    href: "http://localhost/api/person/v1/619"
    type: "PATCH"
  - rel: "delete"
    href: "http://localhost/api/person/v1/619"
    type: "DELETE"
  - rel: "exportPage"
    href: "http://localhost/api/person/v1/exportPage?page=1&size=12&direction=asc"
    title: "Export People"
    type: "GET"
  links: []
- id: 891
  firstName: "Aloisia"
  lastName: "Swinfen"
  address: "Room 122"
  gender: "Female"
  enabled: false
  photoUrl: "https://raw.githubusercontent.com/leandrocgsi/rest-with-spring-boot-and-java-erudio/refs/heads/main/photos/00_some_person.jpg"
  profileUrl: "https://pub.erudio.com.br/meus-cursos"
  links:
  - rel: "self"
    href: "http://localhost/api/person/v1/891"
    type: "GET"
  - rel: "findAll"
    href: "http://localhost/api/person/v1?page=1&size=12&direction=asc"
    type: "GET"
  - rel: "findByName"
    href: "http://localhost/api/person/v1/findPeopleByName/?page=1&size=11&direction=asc"
    type: "GET"
  - rel: "create"
    href: "http://localhost/api/person/v1"
    type: "POST"
  - rel: "massCreation"
    href: "http://localhost/api/person/v1/massCreation"
    type: "POST"
  - rel: "update"
    href: "http://localhost/api/person/v1"
    type: "PUT"
  - rel: "disable"
    href: "http://localhost/api/person/v1/891"
    type: "PATCH"
  - rel: "delete"
    href: "http://localhost/api/person/v1/891"
    type: "DELETE"
  - rel: "exportPage"
    href: "http://localhost/api/person/v1/exportPage?page=1&size=12&direction=asc"
    title: "Export People"
    type: "GET"
  links: []
- id: 827
  firstName: "Alphonse"
  lastName: "Runnacles"
  address: "8th Floor"
  gender: "Male"
  enabled: false
  photoUrl: "https://raw.githubusercontent.com/leandrocgsi/rest-with-spring-boot-and-java-erudio/refs/heads/main/photos/00_some_person.jpg"
  profileUrl: "https://pub.erudio.com.br/meus-cursos"
  links:
  - rel: "self"
    href: "http://localhost/api/person/v1/827"
    type: "GET"
  - rel: "findAll"
    href: "http://localhost/api/person/v1?page=1&size=12&direction=asc"
    type: "GET"
  - rel: "findByName"
    href: "http://localhost/api/person/v1/findPeopleByName/?page=1&size=11&direction=asc"
    type: "GET"
  - rel: "create"
    href: "http://localhost/api/person/v1"
    type: "POST"
  - rel: "massCreation"
    href: "http://localhost/api/person/v1/massCreation"
    type: "POST"
  - rel: "update"
    href: "http://localhost/api/person/v1"
    type: "PUT"
  - rel: "disable"
    href: "http://localhost/api/person/v1/827"
    type: "PATCH"
  - rel: "delete"
    href: "http://localhost/api/person/v1/827"
    type: "DELETE"
  - rel: "exportPage"
    href: "http://localhost/api/person/v1/exportPage?page=1&size=12&direction=asc"
    title: "Export People"
    type: "GET"
  links: []
- id: 318
  firstName: "Alys"
  lastName: "Bartolini"
  address: "PO Box 33689"
  gender: "Female"
  enabled: false
  photoUrl: "https://raw.githubusercontent.com/leandrocgsi/rest-with-spring-boot-and-java-erudio/refs/heads/main/photos/00_some_person.jpg"
  profileUrl: "https://pub.erudio.com.br/meus-cursos"
  links:
  - rel: "self"
    href: "http://localhost/api/person/v1/318"
    type: "GET"
  - rel: "findAll"
    href: "http://localhost/api/person/v1?page=1&size=12&direction=asc"
    type: "GET"
  - rel: "findByName"
    href: "http://localhost/api/person/v1/findPeopleByName/?page=1&size=11&direction=asc"
    type: "GET"
  - rel: "create"
    href: "http://localhost/api/person/v1"
    type: "POST"
  - rel: "massCreation"
    href: "http://localhost/api/person/v1/massCreation"
    type: "POST"
  - rel: "update"
    href: "http://localhost/api/person/v1"
    type: "PUT"
  - rel: "disable"
    href: "http://localhost/api/person/v1/318"
    type: "PATCH"
  - rel: "delete"
    href: "http://localhost/api/person/v1/318"
    type: "DELETE"
  - rel: "exportPage"
    href: "http://localhost/api/person/v1/exportPage?page=1&size=12&direction=asc"
    title: "Export People"
    type: "GET"
  links: []
- id: 257
  firstName: "Amabel"
  lastName: "Dorwood"
  address: "PO Box 67450"
  gender: "Female"
  enabled: false
  photoUrl: "https://raw.githubusercontent.com/leandrocgsi/rest-with-spring-boot-and-java-erudio/refs/heads/main/photos/00_some_person.jpg"
  profileUrl: "https://pub.erudio.com.br/meus-cursos"
  links:
  - rel: "self"
    href: "http://localhost/api/person/v1/257"
    type: "GET"
  - rel: "findAll"
    href: "http://localhost/api/person/v1?page=1&size=12&direction=asc"
    type: "GET"
  - rel: "findByName"
    href: "http://localhost/api/person/v1/findPeopleByName/?page=1&size=11&direction=asc"
    type: "GET"
  - rel: "create"
    href: "http://localhost/api/person/v1"
    type: "POST"
  - rel: "massCreation"
    href: "http://localhost/api/person/v1/massCreation"
    type: "POST"
  - rel: "update"
    href: "http://localhost/api/person/v1"
    type: "PUT"
  - rel: "disable"
    href: "http://localhost/api/person/v1/257"
    type: "PATCH"
  - rel: "delete"
    href: "http://localhost/api/person/v1/257"
    type: "DELETE"
  - rel: "exportPage"
    href: "http://localhost/api/person/v1/exportPage?page=1&size=12&direction=asc"
    title: "Export People"
    type: "GET"
  links: []
- id: 959
  firstName: "Amabel"
  lastName: "Backman"
  address: "Apt 1533"
  gender: "Female"
  enabled: false
  photoUrl: "https://raw.githubusercontent.com/leandrocgsi/rest-with-spring-boot-and-java-erudio/refs/heads/main/photos/00_some_person.jpg"
  profileUrl: "https://pub.erudio.com.br/meus-cursos"
  links:
  - rel: "self"
    href: "http://localhost/api/person/v1/959"
    type: "GET"
  - rel: "findAll"
    href: "http://localhost/api/person/v1?page=1&size=12&direction=asc"
    type: "GET"
  - rel: "findByName"
    href: "http://localhost/api/person/v1/findPeopleByName/?page=1&size=11&direction=asc"
    type: "GET"
  - rel: "create"
    href: "http://localhost/api/person/v1"
    type: "POST"
  - rel: "massCreation"
    href: "http://localhost/api/person/v1/massCreation"
    type: "POST"
  - rel: "update"
    href: "http://localhost/api/person/v1"
    type: "PUT"
  - rel: "disable"
    href: "http://localhost/api/person/v1/959"
    type: "PATCH"
  - rel: "delete"
    href: "http://localhost/api/person/v1/959"
    type: "DELETE"
  - rel: "exportPage"
    href: "http://localhost/api/person/v1/exportPage?page=1&size=12&direction=asc"
    title: "Export People"
    type: "GET"
  links: []
- id: 353
  firstName: "Amanda"
  lastName: "Lattin"
  address: "Apt 1426"
  gender: "Female"
  enabled: true
  photoUrl: "https://raw.githubusercontent.com/leandrocgsi/rest-with-spring-boot-and-java-erudio/refs/heads/main/photos/00_some_person.jpg"
  profileUrl: "https://pub.erudio.com.br/meus-cursos"
  links:
  - rel: "self"
    href: "http://localhost/api/person/v1/353"
    type: "GET"
  - rel: "findAll"
    href: "http://localhost/api/person/v1?page=1&size=12&direction=asc"
    type: "GET"
  - rel: "findByName"
    href: "http://localhost/api/person/v1/findPeopleByName/?page=1&size=11&direction=asc"
    type: "GET"
  - rel: "create"
    href: "http://localhost/api/person/v1"
    type: "POST"
  - rel: "massCreation"
    href: "http://localhost/api/person/v1/massCreation"
    type: "POST"
  - rel: "update"
    href: "http://localhost/api/person/v1"
    type: "PUT"
  - rel: "disable"
    href: "http://localhost/api/person/v1/353"
    type: "PATCH"
  - rel: "delete"
    href: "http://localhost/api/person/v1/353"
    type: "DELETE"
  - rel: "exportPage"
    href: "http://localhost/api/person/v1/exportPage?page=1&size=12&direction=asc"
    title: "Export People"
    type: "GET"
  links: []
- id: 637
  firstName: "Amargo"
  lastName: "Koopman"
  address: "Room 910"
  gender: "Female"
  enabled: true
  photoUrl: "https://raw.githubusercontent.com/leandrocgsi/rest-with-spring-boot-and-java-erudio/refs/heads/main/photos/00_some_person.jpg"
  profileUrl: "https://pub.erudio.com.br/meus-cursos"
  links:
  - rel: "self"
    href: "http://localhost/api/person/v1/637"
    type: "GET"
  - rel: "findAll"
    href: "http://localhost/api/person/v1?page=1&size=12&direction=asc"
    type: "GET"
  - rel: "findByName"
    href: "http://localhost/api/person/v1/findPeopleByName/?page=1&size=11&direction=asc"
    type: "GET"
  - rel: "create"
    href: "http://localhost/api/person/v1"
    type: "POST"
  - rel: "massCreation"
    href: "http://localhost/api/person/v1/massCreation"
    type: "POST"
  - rel: "update"
    href: "http://localhost/api/person/v1"
    type: "PUT"
  - rel: "disable"
    href: "http://localhost/api/person/v1/637"
    type: "PATCH"
  - rel: "delete"
    href: "http://localhost/api/person/v1/637"
    type: "DELETE"
  - rel: "exportPage"
    href: "http://localhost/api/person/v1/exportPage?page=1&size=12&direction=asc"
    title: "Export People"
    type: "GET"
  links: []
page:
  size: 12
  totalElements: 1012
  totalPages: 85
  number: 3

]]></system-out>
  </testcase>
  <testcase name="findByNameTest" classname="br.com.oliveirawillian.integrationtests.controllers.withyaml.PersonControllerYamlTest" time="0.522">
    <system-out><![CDATA[Request method:	GET
Request URI:	http://localhost:80/api/person/v1/findPeopleByName/and?page=0&page=size&page=12&page=direction&page=asc
Proxy:			<none>
Request params:	<none>
Query params:	page=[0, size, 12, direction, asc]
Form params:	<none>
Path params:	firstName=and
Headers:		Origin=https://erudio.com.br
				Authorization=Bearer eyJhbGciOiJIUzI1NiIsInR5cCI6IkpXVCJ9.eyJyb2xlcyI6WyJBRE1JTiIsIk1BTkFHRVIiXSwiaWF0IjoxNzY1MjAxNzU4LCJleHAiOjE3NjUyMDUzNTgsInN1YiI6ImxlYW5kcm8iLCJpc3MiOiJodHRwOi8vbG9jYWxob3N0In0.hXqPoaE2I2-4C3egTUoq6EvI9nLyjWq9awNhpTqaFYQ
				Accept=application/yaml
Cookies:		<none>
Multiparts:		<none>
Body:			<none>
HTTP/1.1 200 
Vary: Origin
Vary: Access-Control-Request-Method
Vary: Access-Control-Request-Headers
Access-Control-Allow-Origin: https://erudio.com.br
Access-Control-Allow-Credentials: true
X-Content-Type-Options: nosniff
X-XSS-Protection: 0
Cache-Control: no-cache, no-store, max-age=0, must-revalidate
Pragma: no-cache
Expires: 0
X-Frame-Options: DENY
Content-Type: application/yaml
Transfer-Encoding: chunked
Date: Mon, 08 Dec 2025 13:49:20 GMT
Keep-Alive: timeout=60
Connection: keep-alive

---
links:
- rel: "first"
  href: "http://localhost/api/person/v1?direction=firstName%3A%20ASC&page=0&size=12&sort=firstName,asc"
- rel: "self"
  href: "http://localhost/api/person/v1?page=0&size=12&direction=firstName%3A%20ASC"
- rel: "next"
  href: "http://localhost/api/person/v1?direction=firstName%3A%20ASC&page=1&size=12&sort=firstName,asc"
- rel: "last"
  href: "http://localhost/api/person/v1?direction=firstName%3A%20ASC&page=1&size=12&sort=firstName,asc"
content:
- id: 383
  firstName: "Alejandro"
  lastName: "Stable"
  address: "PO Box 59523"
  gender: "Male"
  enabled: true
  photoUrl: "https://raw.githubusercontent.com/leandrocgsi/rest-with-spring-boot-and-java-erudio/refs/heads/main/photos/00_some_person.jpg"
  profileUrl: "https://pub.erudio.com.br/meus-cursos"
  links:
  - rel: "self"
    href: "http://localhost/api/person/v1/383"
    type: "GET"
  - rel: "findAll"
    href: "http://localhost/api/person/v1?page=1&size=12&direction=asc"
    type: "GET"
  - rel: "findByName"
    href: "http://localhost/api/person/v1/findPeopleByName/?page=1&size=11&direction=asc"
    type: "GET"
  - rel: "create"
    href: "http://localhost/api/person/v1"
    type: "POST"
  - rel: "massCreation"
    href: "http://localhost/api/person/v1/massCreation"
    type: "POST"
  - rel: "update"
    href: "http://localhost/api/person/v1"
    type: "PUT"
  - rel: "disable"
    href: "http://localhost/api/person/v1/383"
    type: "PATCH"
  - rel: "delete"
    href: "http://localhost/api/person/v1/383"
    type: "DELETE"
  - rel: "exportPage"
    href: "http://localhost/api/person/v1/exportPage?page=1&size=12&direction=asc"
    title: "Export People"
    type: "GET"
  links: []
- id: 141
  firstName: "Alexandr"
  lastName: "Albro"
  address: "PO Box 96933"
  gender: "Male"
  enabled: true
  photoUrl: "https://raw.githubusercontent.com/leandrocgsi/rest-with-spring-boot-and-java-erudio/refs/heads/main/photos/00_some_person.jpg"
  profileUrl: "https://pub.erudio.com.br/meus-cursos"
  links:
  - rel: "self"
    href: "http://localhost/api/person/v1/141"
    type: "GET"
  - rel: "findAll"
    href: "http://localhost/api/person/v1?page=1&size=12&direction=asc"
    type: "GET"
  - rel: "findByName"
    href: "http://localhost/api/person/v1/findPeopleByName/?page=1&size=11&direction=asc"
    type: "GET"
  - rel: "create"
    href: "http://localhost/api/person/v1"
    type: "POST"
  - rel: "massCreation"
    href: "http://localhost/api/person/v1/massCreation"
    type: "POST"
  - rel: "update"
    href: "http://localhost/api/person/v1"
    type: "PUT"
  - rel: "disable"
    href: "http://localhost/api/person/v1/141"
    type: "PATCH"
  - rel: "delete"
    href: "http://localhost/api/person/v1/141"
    type: "DELETE"
  - rel: "exportPage"
    href: "http://localhost/api/person/v1/exportPage?page=1&size=12&direction=asc"
    title: "Export People"
    type: "GET"
  links: []
- id: 576
  firstName: "Alexandre"
  lastName: "McCafferky"
  address: "Apt 1718"
  gender: "Male"
  enabled: true
  photoUrl: "https://raw.githubusercontent.com/leandrocgsi/rest-with-spring-boot-and-java-erudio/refs/heads/main/photos/00_some_person.jpg"
  profileUrl: "https://pub.erudio.com.br/meus-cursos"
  links:
  - rel: "self"
    href: "http://localhost/api/person/v1/576"
    type: "GET"
  - rel: "findAll"
    href: "http://localhost/api/person/v1?page=1&size=12&direction=asc"
    type: "GET"
  - rel: "findByName"
    href: "http://localhost/api/person/v1/findPeopleByName/?page=1&size=11&direction=asc"
    type: "GET"
  - rel: "create"
    href: "http://localhost/api/person/v1"
    type: "POST"
  - rel: "massCreation"
    href: "http://localhost/api/person/v1/massCreation"
    type: "POST"
  - rel: "update"
    href: "http://localhost/api/person/v1"
    type: "PUT"
  - rel: "disable"
    href: "http://localhost/api/person/v1/576"
    type: "PATCH"
  - rel: "delete"
    href: "http://localhost/api/person/v1/576"
    type: "DELETE"
  - rel: "exportPage"
    href: "http://localhost/api/person/v1/exportPage?page=1&size=12&direction=asc"
    title: "Export People"
    type: "GET"
  links: []
- id: 353
  firstName: "Amanda"
  lastName: "Lattin"
  address: "Apt 1426"
  gender: "Female"
  enabled: true
  photoUrl: "https://raw.githubusercontent.com/leandrocgsi/rest-with-spring-boot-and-java-erudio/refs/heads/main/photos/00_some_person.jpg"
  profileUrl: "https://pub.erudio.com.br/meus-cursos"
  links:
  - rel: "self"
    href: "http://localhost/api/person/v1/353"
    type: "GET"
  - rel: "findAll"
    href: "http://localhost/api/person/v1?page=1&size=12&direction=asc"
    type: "GET"
  - rel: "findByName"
    href: "http://localhost/api/person/v1/findPeopleByName/?page=1&size=11&direction=asc"
    type: "GET"
  - rel: "create"
    href: "http://localhost/api/person/v1"
    type: "POST"
  - rel: "massCreation"
    href: "http://localhost/api/person/v1/massCreation"
    type: "POST"
  - rel: "update"
    href: "http://localhost/api/person/v1"
    type: "PUT"
  - rel: "disable"
    href: "http://localhost/api/person/v1/353"
    type: "PATCH"
  - rel: "delete"
    href: "http://localhost/api/person/v1/353"
    type: "DELETE"
  - rel: "exportPage"
    href: "http://localhost/api/person/v1/exportPage?page=1&size=12&direction=asc"
    title: "Export People"
    type: "GET"
  links: []
- id: 843
  firstName: "Bertrand"
  lastName: "Hasney"
  address: "Apt 161"
  gender: "Male"
  enabled: false
  photoUrl: "https://raw.githubusercontent.com/leandrocgsi/rest-with-spring-boot-and-java-erudio/refs/heads/main/photos/00_some_person.jpg"
  profileUrl: "https://pub.erudio.com.br/meus-cursos"
  links:
  - rel: "self"
    href: "http://localhost/api/person/v1/843"
    type: "GET"
  - rel: "findAll"
    href: "http://localhost/api/person/v1?page=1&size=12&direction=asc"
    type: "GET"
  - rel: "findByName"
    href: "http://localhost/api/person/v1/findPeopleByName/?page=1&size=11&direction=asc"
    type: "GET"
  - rel: "create"
    href: "http://localhost/api/person/v1"
    type: "POST"
  - rel: "massCreation"
    href: "http://localhost/api/person/v1/massCreation"
    type: "POST"
  - rel: "update"
    href: "http://localhost/api/person/v1"
    type: "PUT"
  - rel: "disable"
    href: "http://localhost/api/person/v1/843"
    type: "PATCH"
  - rel: "delete"
    href: "http://localhost/api/person/v1/843"
    type: "DELETE"
  - rel: "exportPage"
    href: "http://localhost/api/person/v1/exportPage?page=1&size=12&direction=asc"
    title: "Export People"
    type: "GET"
  links: []
- id: 622
  firstName: "Brandais"
  lastName: "Mattingly"
  address: "Apt 856"
  gender: "Female"
  enabled: true
  photoUrl: "https://raw.githubusercontent.com/leandrocgsi/rest-with-spring-boot-and-java-erudio/refs/heads/main/photos/00_some_person.jpg"
  profileUrl: "https://pub.erudio.com.br/meus-cursos"
  links:
  - rel: "self"
    href: "http://localhost/api/person/v1/622"
    type: "GET"
  - rel: "findAll"
    href: "http://localhost/api/person/v1?page=1&size=12&direction=asc"
    type: "GET"
  - rel: "findByName"
    href: "http://localhost/api/person/v1/findPeopleByName/?page=1&size=11&direction=asc"
    type: "GET"
  - rel: "create"
    href: "http://localhost/api/person/v1"
    type: "POST"
  - rel: "massCreation"
    href: "http://localhost/api/person/v1/massCreation"
    type: "POST"
  - rel: "update"
    href: "http://localhost/api/person/v1"
    type: "PUT"
  - rel: "disable"
    href: "http://localhost/api/person/v1/622"
    type: "PATCH"
  - rel: "delete"
    href: "http://localhost/api/person/v1/622"
    type: "DELETE"
  - rel: "exportPage"
    href: "http://localhost/api/person/v1/exportPage?page=1&size=12&direction=asc"
    title: "Export People"
    type: "GET"
  links: []
- id: 60
  firstName: "Cleveland"
  lastName: "Selman"
  address: "2nd Floor"
  gender: "Male"
  enabled: false
  photoUrl: "https://raw.githubusercontent.com/leandrocgsi/rest-with-spring-boot-and-java-erudio/refs/heads/main/photos/00_some_person.jpg"
  profileUrl: "https://pub.erudio.com.br/meus-cursos"
  links:
  - rel: "self"
    href: "http://localhost/api/person/v1/60"
    type: "GET"
  - rel: "findAll"
    href: "http://localhost/api/person/v1?page=1&size=12&direction=asc"
    type: "GET"
  - rel: "findByName"
    href: "http://localhost/api/person/v1/findPeopleByName/?page=1&size=11&direction=asc"
    type: "GET"
  - rel: "create"
    href: "http://localhost/api/person/v1"
    type: "POST"
  - rel: "massCreation"
    href: "http://localhost/api/person/v1/massCreation"
    type: "POST"
  - rel: "update"
    href: "http://localhost/api/person/v1"
    type: "PUT"
  - rel: "disable"
    href: "http://localhost/api/person/v1/60"
    type: "PATCH"
  - rel: "delete"
    href: "http://localhost/api/person/v1/60"
    type: "DELETE"
  - rel: "exportPage"
    href: "http://localhost/api/person/v1/exportPage?page=1&size=12&direction=asc"
    title: "Export People"
    type: "GET"
  links: []
- id: 656
  firstName: "Devland"
  lastName: "O'Cooney"
  address: "Suite 5"
  gender: "Male"
  enabled: false
  photoUrl: "https://raw.githubusercontent.com/leandrocgsi/rest-with-spring-boot-and-java-erudio/refs/heads/main/photos/00_some_person.jpg"
  profileUrl: "https://pub.erudio.com.br/meus-cursos"
  links:
  - rel: "self"
    href: "http://localhost/api/person/v1/656"
    type: "GET"
  - rel: "findAll"
    href: "http://localhost/api/person/v1?page=1&size=12&direction=asc"
    type: "GET"
  - rel: "findByName"
    href: "http://localhost/api/person/v1/findPeopleByName/?page=1&size=11&direction=asc"
    type: "GET"
  - rel: "create"
    href: "http://localhost/api/person/v1"
    type: "POST"
  - rel: "massCreation"
    href: "http://localhost/api/person/v1/massCreation"
    type: "POST"
  - rel: "update"
    href: "http://localhost/api/person/v1"
    type: "PUT"
  - rel: "disable"
    href: "http://localhost/api/person/v1/656"
    type: "PATCH"
  - rel: "delete"
    href: "http://localhost/api/person/v1/656"
    type: "DELETE"
  - rel: "exportPage"
    href: "http://localhost/api/person/v1/exportPage?page=1&size=12&direction=asc"
    title: "Export People"
    type: "GET"
  links: []
- id: 120
  firstName: "Melisande"
  lastName: "O'Brian"
  address: "Apt 176"
  gender: "Female"
  enabled: true
  photoUrl: "https://raw.githubusercontent.com/leandrocgsi/rest-with-spring-boot-and-java-erudio/refs/heads/main/photos/00_some_person.jpg"
  profileUrl: "https://pub.erudio.com.br/meus-cursos"
  links:
  - rel: "self"
    href: "http://localhost/api/person/v1/120"
    type: "GET"
  - rel: "findAll"
    href: "http://localhost/api/person/v1?page=1&size=12&direction=asc"
    type: "GET"
  - rel: "findByName"
    href: "http://localhost/api/person/v1/findPeopleByName/?page=1&size=11&direction=asc"
    type: "GET"
  - rel: "create"
    href: "http://localhost/api/person/v1"
    type: "POST"
  - rel: "massCreation"
    href: "http://localhost/api/person/v1/massCreation"
    type: "POST"
  - rel: "update"
    href: "http://localhost/api/person/v1"
    type: "PUT"
  - rel: "disable"
    href: "http://localhost/api/person/v1/120"
    type: "PATCH"
  - rel: "delete"
    href: "http://localhost/api/person/v1/120"
    type: "DELETE"
  - rel: "exportPage"
    href: "http://localhost/api/person/v1/exportPage?page=1&size=12&direction=asc"
    title: "Export People"
    type: "GET"
  links: []
- id: 574
  firstName: "Randi"
  lastName: "Applegarth"
  address: "15th Floor"
  gender: "Male"
  enabled: false
  photoUrl: "https://raw.githubusercontent.com/leandrocgsi/rest-with-spring-boot-and-java-erudio/refs/heads/main/photos/00_some_person.jpg"
  profileUrl: "https://pub.erudio.com.br/meus-cursos"
  links:
  - rel: "self"
    href: "http://localhost/api/person/v1/574"
    type: "GET"
  - rel: "findAll"
    href: "http://localhost/api/person/v1?page=1&size=12&direction=asc"
    type: "GET"
  - rel: "findByName"
    href: "http://localhost/api/person/v1/findPeopleByName/?page=1&size=11&direction=asc"
    type: "GET"
  - rel: "create"
    href: "http://localhost/api/person/v1"
    type: "POST"
  - rel: "massCreation"
    href: "http://localhost/api/person/v1/massCreation"
    type: "POST"
  - rel: "update"
    href: "http://localhost/api/person/v1"
    type: "PUT"
  - rel: "disable"
    href: "http://localhost/api/person/v1/574"
    type: "PATCH"
  - rel: "delete"
    href: "http://localhost/api/person/v1/574"
    type: "DELETE"
  - rel: "exportPage"
    href: "http://localhost/api/person/v1/exportPage?page=1&size=12&direction=asc"
    title: "Export People"
    type: "GET"
  links: []
- id: 389
  firstName: "Randie"
  lastName: "Bennough"
  address: "PO Box 28850"
  gender: "Female"
  enabled: false
  photoUrl: "https://raw.githubusercontent.com/leandrocgsi/rest-with-spring-boot-and-java-erudio/refs/heads/main/photos/00_some_person.jpg"
  profileUrl: "https://pub.erudio.com.br/meus-cursos"
  links:
  - rel: "self"
    href: "http://localhost/api/person/v1/389"
    type: "GET"
  - rel: "findAll"
    href: "http://localhost/api/person/v1?page=1&size=12&direction=asc"
    type: "GET"
  - rel: "findByName"
    href: "http://localhost/api/person/v1/findPeopleByName/?page=1&size=11&direction=asc"
    type: "GET"
  - rel: "create"
    href: "http://localhost/api/person/v1"
    type: "POST"
  - rel: "massCreation"
    href: "http://localhost/api/person/v1/massCreation"
    type: "POST"
  - rel: "update"
    href: "http://localhost/api/person/v1"
    type: "PUT"
  - rel: "disable"
    href: "http://localhost/api/person/v1/389"
    type: "PATCH"
  - rel: "delete"
    href: "http://localhost/api/person/v1/389"
    type: "DELETE"
  - rel: "exportPage"
    href: "http://localhost/api/person/v1/exportPage?page=1&size=12&direction=asc"
    title: "Export People"
    type: "GET"
  links: []
- id: 248
  firstName: "Sandy"
  lastName: "Pringley"
  address: "Suite 10"
  gender: "Male"
  enabled: false
  photoUrl: "https://raw.githubusercontent.com/leandrocgsi/rest-with-spring-boot-and-java-erudio/refs/heads/main/photos/00_some_person.jpg"
  profileUrl: "https://pub.erudio.com.br/meus-cursos"
  links:
  - rel: "self"
    href: "http://localhost/api/person/v1/248"
    type: "GET"
  - rel: "findAll"
    href: "http://localhost/api/person/v1?page=1&size=12&direction=asc"
    type: "GET"
  - rel: "findByName"
    href: "http://localhost/api/person/v1/findPeopleByName/?page=1&size=11&direction=asc"
    type: "GET"
  - rel: "create"
    href: "http://localhost/api/person/v1"
    type: "POST"
  - rel: "massCreation"
    href: "http://localhost/api/person/v1/massCreation"
    type: "POST"
  - rel: "update"
    href: "http://localhost/api/person/v1"
    type: "PUT"
  - rel: "disable"
    href: "http://localhost/api/person/v1/248"
    type: "PATCH"
  - rel: "delete"
    href: "http://localhost/api/person/v1/248"
    type: "DELETE"
  - rel: "exportPage"
    href: "http://localhost/api/person/v1/exportPage?page=1&size=12&direction=asc"
    title: "Export People"
    type: "GET"
  links: []
page:
  size: 12
  totalElements: 14
  totalPages: 2
  number: 0

]]></system-out>
  </testcase>
</testsuite>