<?xml version="1.0" encoding="UTF-8"?>
<testsuite xmlns:xsi="http://www.w3.org/2001/XMLSchema-instance" xsi:noNamespaceSchemaLocation="https://maven.apache.org/surefire/maven-surefire-plugin/xsd/surefire-test-report.xsd" version="3.0.2" name="br.com.oliveirawillian.integrationtests.controllers.withxml.BooksControllerXmlTest" time="0.286" tests="6" errors="0" skipped="0" failures="0">
  <properties>
[...]
</properties>
  <testcase name="signin" classname="br.com.oliveirawillian.integrationtests.controllers.withxml.BooksControllerXmlTest" time="0.062">
    <system-out><![CDATA[2025-11-27T09:11:58.778-03:00  INFO 15220 --- [rest-with-spring-boot-and-java-erudio] [           main] t.c.s.AnnotationConfigContextLoaderUtils : Could not detect default configuration classes for test class [br.com.oliveirawillian.integrationtests.testcontainers.AbstractIntegrationTest]: AbstractIntegrationTest does not declare any static, non-private, non-final, nested classes annotated with @Configuration.
2025-11-27T09:11:58.779-03:00  INFO 15220 --- [rest-with-spring-boot-and-java-erudio] [           main] .b.t.c.SpringBootTestContextBootstrapper : Found @SpringBootConfiguration br.com.oliveirawillian.Startup for test class br.com.oliveirawillian.integrationtests.controllers.withxml.BooksControllerXmlTest
]]></system-out>
  </testcase>
  <testcase name="createTest" classname="br.com.oliveirawillian.integrationtests.controllers.withxml.BooksControllerXmlTest" time="0.104">
    <system-out><![CDATA[Request method:	POST
Request URI:	http://localhost:8888/api/books/v1
Proxy:			<none>
Request params:	<none>
Query params:	<none>
Form params:	<none>
Path params:	<none>
Headers:		Origin=https://erudio.com.br
				Authorization=Bearer eyJhbGciOiJIUzI1NiIsInR5cCI6IkpXVCJ9.eyJyb2xlcyI6WyJBRE1JTiIsIk1BTkFHRVIiXSwiaWF0IjoxNzY0MjQ1NTE4LCJleHAiOjE3NjQyNDkxMTgsInN1YiI6ImxlYW5kcm8iLCJpc3MiOiJodHRwOi8vbG9jYWxob3N0Ojg4ODgifQ.v8F6_lF2dMvRg3gMP8DxHWeC3n-57sll80_JCXzfAtc
				Accept=application/xml
				Content-Type=application/xml; charset=ISO-8859-1
Cookies:		<none>
Multiparts:		<none>
Body:
<booksDTO>
  <author>Willian Oliveira</author>
  <launchDate>2025-11-15T00:00:00-03:00</launchDate>
  <price>100.0</price>
  <title>Java a Alma da Progamação</title>
</booksDTO>
2025-11-27T09:11:58.929-03:00  INFO 15220 --- [rest-with-spring-boot-and-java-erudio] [nio-8888-exec-4] b.c.o.services.BooksService              : Creating one Books
HTTP/1.1 200 
Vary: Origin
Vary: Access-Control-Request-Method
Vary: Access-Control-Request-Headers
Access-Control-Allow-Origin: https://erudio.com.br
Access-Control-Allow-Credentials: true
X-Content-Type-Options: nosniff
X-XSS-Protection: 0
Cache-Control: no-cache, no-store, max-age=0, must-revalidate
Pragma: no-cache
Expires: 0
X-Frame-Options: DENY
Content-Type: application/xml
Transfer-Encoding: chunked
Date: Thu, 27 Nov 2025 12:11:58 GMT
Keep-Alive: timeout=60
Connection: keep-alive

<BooksDTO>
  <id>218</id>
  <author>Willian Oliveira</author>
  <launchDate>2025-11-15T03:00:00.000+00:00</launchDate>
  <price>100.0</price>
  <title>Java a Alma da Progamação</title>
  <links>
    <rel>self</rel>
    <href>http://localhost:8888/api/books/v1/218</href>
    <type>GET</type>
  </links>
  <links>
    <rel>findAll</rel>
    <href>http://localhost:8888/api/books/v1?page=1&amp;size=12&amp;direction=asc</href>
    <type>GET</type>
  </links>
  <links>
    <rel>create</rel>
    <href>http://localhost:8888/api/books/v1</href>
    <type>POST</type>
  </links>
  <links>
    <rel>update</rel>
    <href>http://localhost:8888/api/books/v1</href>
    <type>PUT</type>
  </links>
  <links>
    <rel>delete</rel>
    <href>http://localhost:8888/api/books/v1/218</href>
    <type>DELETE</type>
  </links>
</BooksDTO>
]]></system-out>
  </testcase>
  <testcase name="updateTest" classname="br.com.oliveirawillian.integrationtests.controllers.withxml.BooksControllerXmlTest" time="0.024">
    <system-out><![CDATA[Request method:	PUT
Request URI:	http://localhost:8888/api/books/v1
Proxy:			<none>
Request params:	<none>
Query params:	<none>
Form params:	<none>
Path params:	<none>
Headers:		Origin=https://erudio.com.br
				Authorization=Bearer eyJhbGciOiJIUzI1NiIsInR5cCI6IkpXVCJ9.eyJyb2xlcyI6WyJBRE1JTiIsIk1BTkFHRVIiXSwiaWF0IjoxNzY0MjQ1NTE4LCJleHAiOjE3NjQyNDkxMTgsInN1YiI6ImxlYW5kcm8iLCJpc3MiOiJodHRwOi8vbG9jYWxob3N0Ojg4ODgifQ.v8F6_lF2dMvRg3gMP8DxHWeC3n-57sll80_JCXzfAtc
				Accept=application/xml
				Content-Type=application/xml; charset=ISO-8859-1
Cookies:		<none>
Multiparts:		<none>
Body:
<booksDTO>
  <author>Benedict Torvalds</author>
  <id>218</id>
  <launchDate>2025-11-15T00:00:00-03:00</launchDate>
  <price>100.0</price>
  <title>Java a Alma da Progamação</title>
</booksDTO>
2025-11-27T09:11:58.963-03:00  INFO 15220 --- [rest-with-spring-boot-and-java-erudio] [nio-8888-exec-2] b.c.o.services.BooksService              : updating one Books
HTTP/1.1 200 
Vary: Origin
Vary: Access-Control-Request-Method
Vary: Access-Control-Request-Headers
Access-Control-Allow-Origin: https://erudio.com.br
Access-Control-Allow-Credentials: true
X-Content-Type-Options: nosniff
X-XSS-Protection: 0
Cache-Control: no-cache, no-store, max-age=0, must-revalidate
Pragma: no-cache
Expires: 0
X-Frame-Options: DENY
Content-Type: application/xml
Transfer-Encoding: chunked
Date: Thu, 27 Nov 2025 12:11:58 GMT
Keep-Alive: timeout=60
Connection: keep-alive

<BooksDTO>
  <id>218</id>
  <author>Benedict Torvalds</author>
  <launchDate>2025-11-15T03:00:00.000+00:00</launchDate>
  <price>100.0</price>
  <title>Java a Alma da Progamação</title>
  <links>
    <rel>self</rel>
    <href>http://localhost:8888/api/books/v1/218</href>
    <type>GET</type>
  </links>
  <links>
    <rel>findAll</rel>
    <href>http://localhost:8888/api/books/v1?page=1&amp;size=12&amp;direction=asc</href>
    <type>GET</type>
  </links>
  <links>
    <rel>create</rel>
    <href>http://localhost:8888/api/books/v1</href>
    <type>POST</type>
  </links>
  <links>
    <rel>update</rel>
    <href>http://localhost:8888/api/books/v1</href>
    <type>PUT</type>
  </links>
  <links>
    <rel>delete</rel>
    <href>http://localhost:8888/api/books/v1/218</href>
    <type>DELETE</type>
  </links>
</BooksDTO>
]]></system-out>
  </testcase>
  <testcase name="findByIdTest" classname="br.com.oliveirawillian.integrationtests.controllers.withxml.BooksControllerXmlTest" time="0.021">
    <system-out><![CDATA[Request method:	GET
Request URI:	http://localhost:8888/api/books/v1/218
Proxy:			<none>
Request params:	<none>
Query params:	<none>
Form params:	<none>
Path params:	id=218
Headers:		Origin=https://erudio.com.br
				Authorization=Bearer eyJhbGciOiJIUzI1NiIsInR5cCI6IkpXVCJ9.eyJyb2xlcyI6WyJBRE1JTiIsIk1BTkFHRVIiXSwiaWF0IjoxNzY0MjQ1NTE4LCJleHAiOjE3NjQyNDkxMTgsInN1YiI6ImxlYW5kcm8iLCJpc3MiOiJodHRwOi8vbG9jYWxob3N0Ojg4ODgifQ.v8F6_lF2dMvRg3gMP8DxHWeC3n-57sll80_JCXzfAtc
				Accept=application/xml
				Content-Type=application/xml; charset=ISO-8859-1
Cookies:		<none>
Multiparts:		<none>
Body:			<none>
2025-11-27T09:11:58.987-03:00  INFO 15220 --- [rest-with-spring-boot-and-java-erudio] [nio-8888-exec-7] b.c.o.services.BooksService              : Finding one Books
HTTP/1.1 200 
Vary: Origin
Vary: Access-Control-Request-Method
Vary: Access-Control-Request-Headers
Access-Control-Allow-Origin: https://erudio.com.br
Access-Control-Allow-Credentials: true
X-Content-Type-Options: nosniff
X-XSS-Protection: 0
Cache-Control: no-cache, no-store, max-age=0, must-revalidate
Pragma: no-cache
Expires: 0
X-Frame-Options: DENY
Content-Type: application/xml
Transfer-Encoding: chunked
Date: Thu, 27 Nov 2025 12:11:58 GMT
Keep-Alive: timeout=60
Connection: keep-alive

<BooksDTO>
  <id>218</id>
  <author>Benedict Torvalds</author>
  <launchDate>2025-11-15</launchDate>
  <price>100.0</price>
  <title>Java a Alma da Progamação</title>
  <links>
    <rel>self</rel>
    <href>http://localhost:8888/api/books/v1/218</href>
    <type>GET</type>
  </links>
  <links>
    <rel>findAll</rel>
    <href>http://localhost:8888/api/books/v1?page=1&amp;size=12&amp;direction=asc</href>
    <type>GET</type>
  </links>
  <links>
    <rel>create</rel>
    <href>http://localhost:8888/api/books/v1</href>
    <type>POST</type>
  </links>
  <links>
    <rel>update</rel>
    <href>http://localhost:8888/api/books/v1</href>
    <type>PUT</type>
  </links>
  <links>
    <rel>delete</rel>
    <href>http://localhost:8888/api/books/v1/218</href>
    <type>DELETE</type>
  </links>
</BooksDTO>
]]></system-out>
  </testcase>
  <testcase name="deleteTest" classname="br.com.oliveirawillian.integrationtests.controllers.withxml.BooksControllerXmlTest" time="0.016">
    <system-out><![CDATA[Request method:	DELETE
Request URI:	http://localhost:8888/api/books/v1/218
Proxy:			<none>
Request params:	<none>
Query params:	<none>
Form params:	<none>
Path params:	id=218
Headers:		Origin=https://erudio.com.br
				Authorization=Bearer eyJhbGciOiJIUzI1NiIsInR5cCI6IkpXVCJ9.eyJyb2xlcyI6WyJBRE1JTiIsIk1BTkFHRVIiXSwiaWF0IjoxNzY0MjQ1NTE4LCJleHAiOjE3NjQyNDkxMTgsInN1YiI6ImxlYW5kcm8iLCJpc3MiOiJodHRwOi8vbG9jYWxob3N0Ojg4ODgifQ.v8F6_lF2dMvRg3gMP8DxHWeC3n-57sll80_JCXzfAtc
				Accept=*/*
Cookies:		<none>
Multiparts:		<none>
Body:			<none>
2025-11-27T09:11:59.006-03:00  INFO 15220 --- [rest-with-spring-boot-and-java-erudio] [nio-8888-exec-3] b.c.o.services.BooksService              : Deleting one Books
HTTP/1.1 204 
Vary: Origin
Vary: Access-Control-Request-Method
Vary: Access-Control-Request-Headers
Access-Control-Allow-Origin: https://erudio.com.br
Access-Control-Allow-Credentials: true
X-Content-Type-Options: nosniff
X-XSS-Protection: 0
Cache-Control: no-cache, no-store, max-age=0, must-revalidate
Pragma: no-cache
Expires: 0
X-Frame-Options: DENY
Date: Thu, 27 Nov 2025 12:11:59 GMT
Keep-Alive: timeout=60
Connection: keep-alive
]]></system-out>
  </testcase>
  <testcase name="findAllTest" classname="br.com.oliveirawillian.integrationtests.controllers.withxml.BooksControllerXmlTest" time="0.048">
    <system-out><![CDATA[Request method:	GET
Request URI:	http://localhost:8888/api/books/v1?page=0&page=size&page=12&page=direction&page=asc
Proxy:			<none>
Request params:	<none>
Query params:	page=[0, size, 12, direction, asc]
Form params:	<none>
Path params:	<none>
Headers:		Origin=https://erudio.com.br
				Authorization=Bearer eyJhbGciOiJIUzI1NiIsInR5cCI6IkpXVCJ9.eyJyb2xlcyI6WyJBRE1JTiIsIk1BTkFHRVIiXSwiaWF0IjoxNzY0MjQ1NTE4LCJleHAiOjE3NjQyNDkxMTgsInN1YiI6ImxlYW5kcm8iLCJpc3MiOiJodHRwOi8vbG9jYWxob3N0Ojg4ODgifQ.v8F6_lF2dMvRg3gMP8DxHWeC3n-57sll80_JCXzfAtc
				Accept=application/xml
Cookies:		<none>
Multiparts:		<none>
Body:			<none>
2025-11-27T09:11:59.024-03:00  INFO 15220 --- [rest-with-spring-boot-and-java-erudio] [io-8888-exec-10] b.c.o.services.BooksService              : Finding All Books
HTTP/1.1 200 
Vary: Origin
Vary: Access-Control-Request-Method
Vary: Access-Control-Request-Headers
Access-Control-Allow-Origin: https://erudio.com.br
Access-Control-Allow-Credentials: true
X-Content-Type-Options: nosniff
X-XSS-Protection: 0
Cache-Control: no-cache, no-store, max-age=0, must-revalidate
Pragma: no-cache
Expires: 0
X-Frame-Options: DENY
Content-Type: application/xml
Transfer-Encoding: chunked
Date: Thu, 27 Nov 2025 12:11:59 GMT
Keep-Alive: timeout=60
Connection: keep-alive

<PagedModel>
  <links>
    <rel>first</rel>
    <href>http://localhost:8888/api/books/v1?direction=title%3A%20ASC&amp;page=0&amp;size=12&amp;sort=title,asc</href>
  </links>
  <links>
    <rel>self</rel>
    <href>http://localhost:8888/api/books/v1?page=0&amp;size=12&amp;direction=title%3A%20ASC</href>
  </links>
  <links>
    <rel>next</rel>
    <href>http://localhost:8888/api/books/v1?direction=title%3A%20ASC&amp;page=1&amp;size=12&amp;sort=title,asc</href>
  </links>
  <links>
    <rel>last</rel>
    <href>http://localhost:8888/api/books/v1?direction=title%3A%20ASC&amp;page=17&amp;size=12&amp;sort=title,asc</href>
  </links>
  <content>
    <content>
      <id>208</id>
      <author>Craig Larman</author>
      <launchDate>1992-09-19</launchDate>
      <price>56.47</price>
      <title>Agile and Iterative Development: A Manager’s Guide</title>
      <links>
        <rel>self</rel>
        <href>http://localhost:8888/api/books/v1/208</href>
        <type>GET</type>
      </links>
      <links>
        <rel>findAll</rel>
        <href>http://localhost:8888/api/books/v1?page=1&amp;size=12&amp;direction=asc</href>
        <type>GET</type>
      </links>
      <links>
        <rel>create</rel>
        <href>http://localhost:8888/api/books/v1</href>
        <type>POST</type>
      </links>
      <links>
        <rel>update</rel>
        <href>http://localhost:8888/api/books/v1</href>
        <type>PUT</type>
      </links>
      <links>
        <rel>delete</rel>
        <href>http://localhost:8888/api/books/v1/208</href>
        <type>DELETE</type>
      </links>
    </content>
    <content>
      <id>63</id>
      <author>Craig Larman</author>
      <launchDate>2018-08-14</launchDate>
      <price>72.89</price>
      <title>Agile and Iterative Development: A Manager’s Guide</title>
      <links>
        <rel>self</rel>
        <href>http://localhost:8888/api/books/v1/63</href>
        <type>GET</type>
      </links>
      <links>
        <rel>findAll</rel>
        <href>http://localhost:8888/api/books/v1?page=1&amp;size=12&amp;direction=asc</href>
        <type>GET</type>
      </links>
      <links>
        <rel>create</rel>
        <href>http://localhost:8888/api/books/v1</href>
        <type>POST</type>
      </links>
      <links>
        <rel>update</rel>
        <href>http://localhost:8888/api/books/v1</href>
        <type>PUT</type>
      </links>
      <links>
        <rel>delete</rel>
        <href>http://localhost:8888/api/books/v1/63</href>
        <type>DELETE</type>
      </links>
    </content>
    <content>
      <id>191</id>
      <author>Craig Larman</author>
      <launchDate>1994-12-12</launchDate>
      <price>128.07</price>
      <title>Agile and Iterative Development: A Manager’s Guide</title>
      <links>
        <rel>self</rel>
        <href>http://localhost:8888/api/books/v1/191</href>
        <type>GET</type>
      </links>
      <links>
        <rel>findAll</rel>
        <href>http://localhost:8888/api/books/v1?page=1&amp;size=12&amp;direction=asc</href>
        <type>GET</type>
      </links>
      <links>
        <rel>create</rel>
        <href>http://localhost:8888/api/books/v1</href>
        <type>POST</type>
      </links>
      <links>
        <rel>update</rel>
        <href>http://localhost:8888/api/books/v1</href>
        <type>PUT</type>
      </links>
      <links>
        <rel>delete</rel>
        <href>http://localhost:8888/api/books/v1/191</href>
        <type>DELETE</type>
      </links>
    </content>
    <content>
      <id>154</id>
      <author>Craig Larman</author>
      <launchDate>1986-04-17</launchDate>
      <price>41.29</price>
      <title>Agile and Iterative Development: A Manager’s Guide</title>
      <links>
        <rel>self</rel>
        <href>http://localhost:8888/api/books/v1/154</href>
        <type>GET</type>
      </links>
      <links>
        <rel>findAll</rel>
        <href>http://localhost:8888/api/books/v1?page=1&amp;size=12&amp;direction=asc</href>
        <type>GET</type>
      </links>
      <links>
        <rel>create</rel>
        <href>http://localhost:8888/api/books/v1</href>
        <type>POST</type>
      </links>
      <links>
        <rel>update</rel>
        <href>http://localhost:8888/api/books/v1</href>
        <type>PUT</type>
      </links>
      <links>
        <rel>delete</rel>
        <href>http://localhost:8888/api/books/v1/154</href>
        <type>DELETE</type>
      </links>
    </content>
    <content>
      <id>27</id>
      <author>Craig Larman</author>
      <launchDate>1998-12-05</launchDate>
      <price>43.82</price>
      <title>Agile and Iterative Development: A Manager’s Guide</title>
      <links>
        <rel>self</rel>
        <href>http://localhost:8888/api/books/v1/27</href>
        <type>GET</type>
      </links>
      <links>
        <rel>findAll</rel>
        <href>http://localhost:8888/api/books/v1?page=1&amp;size=12&amp;direction=asc</href>
        <type>GET</type>
      </links>
      <links>
        <rel>create</rel>
        <href>http://localhost:8888/api/books/v1</href>
        <type>POST</type>
      </links>
      <links>
        <rel>update</rel>
        <href>http://localhost:8888/api/books/v1</href>
        <type>PUT</type>
      </links>
      <links>
        <rel>delete</rel>
        <href>http://localhost:8888/api/books/v1/27</href>
        <type>DELETE</type>
      </links>
    </content>
    <content>
      <id>179</id>
      <author>Craig Larman</author>
      <launchDate>2015-11-15</launchDate>
      <price>144.98</price>
      <title>Agile and Iterative Development: A Manager’s Guide</title>
      <links>
        <rel>self</rel>
        <href>http://localhost:8888/api/books/v1/179</href>
        <type>GET</type>
      </links>
      <links>
        <rel>findAll</rel>
        <href>http://localhost:8888/api/books/v1?page=1&amp;size=12&amp;direction=asc</href>
        <type>GET</type>
      </links>
      <links>
        <rel>create</rel>
        <href>http://localhost:8888/api/books/v1</href>
        <type>POST</type>
      </links>
      <links>
        <rel>update</rel>
        <href>http://localhost:8888/api/books/v1</href>
        <type>PUT</type>
      </links>
      <links>
        <rel>delete</rel>
        <href>http://localhost:8888/api/books/v1/179</href>
        <type>DELETE</type>
      </links>
    </content>
    <content>
      <id>42</id>
      <author>Mike Cohn</author>
      <launchDate>1989-07-19</launchDate>
      <price>35.67</price>
      <title>Agile Estimating and Planning</title>
      <links>
        <rel>self</rel>
        <href>http://localhost:8888/api/books/v1/42</href>
        <type>GET</type>
      </links>
      <links>
        <rel>findAll</rel>
        <href>http://localhost:8888/api/books/v1?page=1&amp;size=12&amp;direction=asc</href>
        <type>GET</type>
      </links>
      <links>
        <rel>create</rel>
        <href>http://localhost:8888/api/books/v1</href>
        <type>POST</type>
      </links>
      <links>
        <rel>update</rel>
        <href>http://localhost:8888/api/books/v1</href>
        <type>PUT</type>
      </links>
      <links>
        <rel>delete</rel>
        <href>http://localhost:8888/api/books/v1/42</href>
        <type>DELETE</type>
      </links>
    </content>
    <content>
      <id>45</id>
      <author>Mike Cohn</author>
      <launchDate>2009-05-11</launchDate>
      <price>131.1</price>
      <title>Agile Estimating and Planning</title>
      <links>
        <rel>self</rel>
        <href>http://localhost:8888/api/books/v1/45</href>
        <type>GET</type>
      </links>
      <links>
        <rel>findAll</rel>
        <href>http://localhost:8888/api/books/v1?page=1&amp;size=12&amp;direction=asc</href>
        <type>GET</type>
      </links>
      <links>
        <rel>create</rel>
        <href>http://localhost:8888/api/books/v1</href>
        <type>POST</type>
      </links>
      <links>
        <rel>update</rel>
        <href>http://localhost:8888/api/books/v1</href>
        <type>PUT</type>
      </links>
      <links>
        <rel>delete</rel>
        <href>http://localhost:8888/api/books/v1/45</href>
        <type>DELETE</type>
      </links>
    </content>
    <content>
      <id>129</id>
      <author>Mike Cohn</author>
      <launchDate>2012-04-03</launchDate>
      <price>92.51</price>
      <title>Agile Estimating and Planning</title>
      <links>
        <rel>self</rel>
        <href>http://localhost:8888/api/books/v1/129</href>
        <type>GET</type>
      </links>
      <links>
        <rel>findAll</rel>
        <href>http://localhost:8888/api/books/v1?page=1&amp;size=12&amp;direction=asc</href>
        <type>GET</type>
      </links>
      <links>
        <rel>create</rel>
        <href>http://localhost:8888/api/books/v1</href>
        <type>POST</type>
      </links>
      <links>
        <rel>update</rel>
        <href>http://localhost:8888/api/books/v1</href>
        <type>PUT</type>
      </links>
      <links>
        <rel>delete</rel>
        <href>http://localhost:8888/api/books/v1/129</href>
        <type>DELETE</type>
      </links>
    </content>
    <content>
      <id>17</id>
      <author>Mike Cohn</author>
      <launchDate>2011-12-09</launchDate>
      <price>112.87</price>
      <title>Agile Estimating and Planning</title>
      <links>
        <rel>self</rel>
        <href>http://localhost:8888/api/books/v1/17</href>
        <type>GET</type>
      </links>
      <links>
        <rel>findAll</rel>
        <href>http://localhost:8888/api/books/v1?page=1&amp;size=12&amp;direction=asc</href>
        <type>GET</type>
      </links>
      <links>
        <rel>create</rel>
        <href>http://localhost:8888/api/books/v1</href>
        <type>POST</type>
      </links>
      <links>
        <rel>update</rel>
        <href>http://localhost:8888/api/books/v1</href>
        <type>PUT</type>
      </links>
      <links>
        <rel>delete</rel>
        <href>http://localhost:8888/api/books/v1/17</href>
        <type>DELETE</type>
      </links>
    </content>
    <content>
      <id>65</id>
      <author>Mike Cohn</author>
      <launchDate>1992-01-27</launchDate>
      <price>54.7</price>
      <title>Agile Estimating and Planning</title>
      <links>
        <rel>self</rel>
        <href>http://localhost:8888/api/books/v1/65</href>
        <type>GET</type>
      </links>
      <links>
        <rel>findAll</rel>
        <href>http://localhost:8888/api/books/v1?page=1&amp;size=12&amp;direction=asc</href>
        <type>GET</type>
      </links>
      <links>
        <rel>create</rel>
        <href>http://localhost:8888/api/books/v1</href>
        <type>POST</type>
      </links>
      <links>
        <rel>update</rel>
        <href>http://localhost:8888/api/books/v1</href>
        <type>PUT</type>
      </links>
      <links>
        <rel>delete</rel>
        <href>http://localhost:8888/api/books/v1/65</href>
        <type>DELETE</type>
      </links>
    </content>
    <content>
      <id>23</id>
      <author>Mike Cohn</author>
      <launchDate>1985-06-28</launchDate>
      <price>115.61</price>
      <title>Agile Estimating and Planning</title>
      <links>
        <rel>self</rel>
        <href>http://localhost:8888/api/books/v1/23</href>
        <type>GET</type>
      </links>
      <links>
        <rel>findAll</rel>
        <href>http://localhost:8888/api/books/v1?page=1&amp;size=12&amp;direction=asc</href>
        <type>GET</type>
      </links>
      <links>
        <rel>create</rel>
        <href>http://localhost:8888/api/books/v1</href>
        <type>POST</type>
      </links>
      <links>
        <rel>update</rel>
        <href>http://localhost:8888/api/books/v1</href>
        <type>PUT</type>
      </links>
      <links>
        <rel>delete</rel>
        <href>http://localhost:8888/api/books/v1/23</href>
        <type>DELETE</type>
      </links>
    </content>
  </content>
  <page>
    <size>12</size>
    <totalElements>216</totalElements>
    <totalPages>18</totalPages>
    <number>0</number>
  </page>
</PagedModel>
]]></system-out>
  </testcase>
</testsuite>