<?xml version="1.0" encoding="UTF-8"?>
<testsuite xmlns:xsi="http://www.w3.org/2001/XMLSchema-instance" xsi:noNamespaceSchemaLocation="https://maven.apache.org/surefire/maven-surefire-plugin/xsd/surefire-test-report.xsd" version="3.0.2" name="br.com.oliveirawillian.integrationtests.controllers.cors.withjson.BooksControllerCorsTest" time="13.18" tests="5" errors="0" skipped="0" failures="0">
  <properties>
[...]
</properties>
  <testcase name="signin" classname="br.com.oliveirawillian.integrationtests.controllers.cors.withjson.BooksControllerCorsTest" time="1.648">
    <system-out><![CDATA[09:11:44.538 [main] INFO org.springframework.test.context.support.AnnotationConfigContextLoaderUtils -- Could not detect default configuration classes for test class [br.com.oliveirawillian.integrationtests.testcontainers.AbstractIntegrationTest]: AbstractIntegrationTest does not declare any static, non-private, non-final, nested classes annotated with @Configuration.
09:11:44.695 [main] INFO org.springframework.boot.test.context.SpringBootTestContextBootstrapper -- Found @SpringBootConfiguration br.com.oliveirawillian.Startup for test class br.com.oliveirawillian.integrationtests.controllers.cors.withjson.BooksControllerCorsTest
09:11:45.048 [main] INFO org.testcontainers.images.PullPolicy -- Image pull policy will be performed by: DefaultPullPolicy()
09:11:45.051 [main] INFO org.testcontainers.utility.ImageNameSubstitutor -- Image name substitution will be performed by: DefaultImageNameSubstitutor (composite of 'ConfigurationFileImageNameSubstitutor' and 'PrefixingImageNameSubstitutor')
09:11:45.125 [main] INFO org.springframework.boot.devtools.restart.RestartApplicationListener -- Restart disabled due to context in which it is running

  .   ____          _            __ _ _
 /\\ / ___'_ __ _ _(_)_ __  __ _ \ \ \ \
( ( )\___ | '_ | '_| | '_ \/ _` | \ \ \ \
 \\/  ___)| |_)| | | | | || (_| |  ) ) ) )
  '  |____| .__|_| |_|_| |_\__, | / / / /
 =========|_|==============|___/=/_/_/_/

 :: Spring Boot ::                (v3.4.1)

2025-11-27T09:11:45.534-03:00  INFO 15220 --- [rest-with-spring-boot-and-java-erudio] [ers-lifecycle-0] org.testcontainers.DockerClientFactory   : Testcontainers version: 1.20.4
2025-11-27T09:11:45.784-03:00  INFO 15220 --- [rest-with-spring-boot-and-java-erudio] [ers-lifecycle-0] o.t.d.DockerClientProviderStrategy       : Loaded org.testcontainers.dockerclient.NpipeSocketClientProviderStrategy from ~/.testcontainers.properties, will try it first
2025-11-27T09:11:46.126-03:00  INFO 15220 --- [rest-with-spring-boot-and-java-erudio] [ers-lifecycle-0] o.t.d.DockerClientProviderStrategy       : Found Docker environment with local Npipe socket (npipe:////./pipe/docker_engine)
2025-11-27T09:11:46.127-03:00  INFO 15220 --- [rest-with-spring-boot-and-java-erudio] [ers-lifecycle-0] org.testcontainers.DockerClientFactory   : Docker host IP address is localhost
2025-11-27T09:11:46.151-03:00  INFO 15220 --- [rest-with-spring-boot-and-java-erudio] [ers-lifecycle-0] org.testcontainers.DockerClientFactory   : Connected to docker: 
  Server Version: 28.5.1
  API Version: 1.51
  Operating System: Docker Desktop
  Total Memory: 15953 MB
  Labels: 
    com.docker.desktop.address=npipe://\\.\pipe\docker_cli
2025-11-27T09:11:46.278-03:00  INFO 15220 --- [rest-with-spring-boot-and-java-erudio] [ers-lifecycle-0] tc.testcontainers/ryuk:0.11.0            : Creating container for image: testcontainers/ryuk:0.11.0
2025-11-27T09:11:46.493-03:00  INFO 15220 --- [rest-with-spring-boot-and-java-erudio] [ers-lifecycle-0] o.t.utility.RegistryAuthLocator          : Credential helper/store (docker-credential-desktop) does not have credentials for https://index.docker.io/v1/
2025-11-27T09:11:46.672-03:00  INFO 15220 --- [rest-with-spring-boot-and-java-erudio] [ers-lifecycle-0] tc.testcontainers/ryuk:0.11.0            : Container testcontainers/ryuk:0.11.0 is starting: a0cbd87496db80d6e8d8e160d7a3dc0f6c25e3b881a648ec89d8c420dd1faa6f
2025-11-27T09:11:47.297-03:00  INFO 15220 --- [rest-with-spring-boot-and-java-erudio] [ers-lifecycle-0] tc.testcontainers/ryuk:0.11.0            : Container testcontainers/ryuk:0.11.0 started in PT1.0178772S
2025-11-27T09:11:47.303-03:00  INFO 15220 --- [rest-with-spring-boot-and-java-erudio] [ers-lifecycle-0] o.t.utility.RyukResourceReaper           : Ryuk started - will monitor and terminate Testcontainers containers on JVM exit
2025-11-27T09:11:47.303-03:00  INFO 15220 --- [rest-with-spring-boot-and-java-erudio] [ers-lifecycle-0] org.testcontainers.DockerClientFactory   : Checking the system...
2025-11-27T09:11:47.304-03:00  INFO 15220 --- [rest-with-spring-boot-and-java-erudio] [ers-lifecycle-0] org.testcontainers.DockerClientFactory   : ✔︎ Docker server version should be at least 1.6.0
2025-11-27T09:11:47.304-03:00  INFO 15220 --- [rest-with-spring-boot-and-java-erudio] [ers-lifecycle-0] tc.postgres:13.22                        : Creating container for image: postgres:13.22
2025-11-27T09:11:47.415-03:00  INFO 15220 --- [rest-with-spring-boot-and-java-erudio] [ers-lifecycle-0] tc.postgres:13.22                        : Container postgres:13.22 is starting: 4382caf0d4b2240e6f4364913a3765dcff177149ecbedd20ff9f4425499e6a35
2025-11-27T09:11:48.996-03:00  INFO 15220 --- [rest-with-spring-boot-and-java-erudio] [ers-lifecycle-0] tc.postgres:13.22                        : Container postgres:13.22 started in PT1.6923563S
2025-11-27T09:11:48.997-03:00  INFO 15220 --- [rest-with-spring-boot-and-java-erudio] [ers-lifecycle-0] tc.postgres:13.22                        : Container is started (JDBC URL: jdbc:postgresql://localhost:62953/test?loggerLevel=OFF)
2025-11-27T09:11:49.001-03:00  INFO 15220 --- [rest-with-spring-boot-and-java-erudio] [           main] b.c.o.i.c.c.w.BooksControllerCorsTest    : Starting BooksControllerCorsTest using Java 21.0.8 with PID 15220 (started by willi in C:\Users\willi\Documents\JavaProjetos\rest-with-spring-boot-and-java-erudio)
2025-11-27T09:11:49.001-03:00 DEBUG 15220 --- [rest-with-spring-boot-and-java-erudio] [           main] b.c.o.i.c.c.w.BooksControllerCorsTest    : Running with Spring Boot v3.4.1, Spring v6.2.1
2025-11-27T09:11:49.002-03:00  INFO 15220 --- [rest-with-spring-boot-and-java-erudio] [           main] b.c.o.i.c.c.w.BooksControllerCorsTest    : No active profile set, falling back to 1 default profile: "default"
2025-11-27T09:11:50.110-03:00  INFO 15220 --- [rest-with-spring-boot-and-java-erudio] [           main] .s.d.r.c.RepositoryConfigurationDelegate : Bootstrapping Spring Data JPA repositories in DEFAULT mode.
2025-11-27T09:11:50.207-03:00  INFO 15220 --- [rest-with-spring-boot-and-java-erudio] [           main] .s.d.r.c.RepositoryConfigurationDelegate : Finished Spring Data repository scanning in 86 ms. Found 3 JPA repository interfaces.
2025-11-27T09:11:50.892-03:00  INFO 15220 --- [rest-with-spring-boot-and-java-erudio] [           main] o.s.b.w.embedded.tomcat.TomcatWebServer  : Tomcat initialized with port 8888 (http)
2025-11-27T09:11:50.909-03:00  INFO 15220 --- [rest-with-spring-boot-and-java-erudio] [           main] o.apache.catalina.core.StandardService   : Starting service [Tomcat]
2025-11-27T09:11:50.909-03:00  INFO 15220 --- [rest-with-spring-boot-and-java-erudio] [           main] o.apache.catalina.core.StandardEngine    : Starting Servlet engine: [Apache Tomcat/10.1.34]
2025-11-27T09:11:50.996-03:00  INFO 15220 --- [rest-with-spring-boot-and-java-erudio] [           main] o.a.c.c.C.[Tomcat].[localhost].[/]       : Initializing Spring embedded WebApplicationContext
2025-11-27T09:11:50.997-03:00  INFO 15220 --- [rest-with-spring-boot-and-java-erudio] [           main] w.s.c.ServletWebServerApplicationContext : Root WebApplicationContext: initialization completed in 1809 ms
2025-11-27T09:11:51.264-03:00  INFO 15220 --- [rest-with-spring-boot-and-java-erudio] [           main] com.zaxxer.hikari.HikariDataSource       : HikariPool-1 - Starting...
2025-11-27T09:11:51.352-03:00  INFO 15220 --- [rest-with-spring-boot-and-java-erudio] [           main] com.zaxxer.hikari.pool.HikariPool        : HikariPool-1 - Added connection org.postgresql.jdbc.PgConnection@999cd18
2025-11-27T09:11:51.354-03:00  INFO 15220 --- [rest-with-spring-boot-and-java-erudio] [           main] com.zaxxer.hikari.HikariDataSource       : HikariPool-1 - Start completed.
2025-11-27T09:11:51.380-03:00  INFO 15220 --- [rest-with-spring-boot-and-java-erudio] [           main] org.flywaydb.core.FlywayExecutor         : Database: jdbc:postgresql://localhost:62953/test?loggerLevel=OFF (PostgreSQL 13.22)
2025-11-27T09:11:51.425-03:00  INFO 15220 --- [rest-with-spring-boot-and-java-erudio] [           main] o.f.c.i.s.JdbcTableSchemaHistory         : Schema history table "public"."flyway_schema_history" does not exist yet
2025-11-27T09:11:51.428-03:00  INFO 15220 --- [rest-with-spring-boot-and-java-erudio] [           main] o.f.core.internal.command.DbValidate     : Successfully validated 16 migrations (execution time 00:00.025s)
2025-11-27T09:11:51.442-03:00  INFO 15220 --- [rest-with-spring-boot-and-java-erudio] [           main] o.f.c.i.s.JdbcTableSchemaHistory         : Creating Schema History table "public"."flyway_schema_history" ...
2025-11-27T09:11:51.484-03:00  INFO 15220 --- [rest-with-spring-boot-and-java-erudio] [           main] o.f.core.internal.command.DbMigrate      : Current version of schema "public": << Empty Schema >>
2025-11-27T09:11:51.491-03:00  INFO 15220 --- [rest-with-spring-boot-and-java-erudio] [           main] o.f.core.internal.command.DbMigrate      : Migrating schema "public" to version "1 - Create Table Person"
2025-11-27T09:11:51.513-03:00  INFO 15220 --- [rest-with-spring-boot-and-java-erudio] [           main] o.f.core.internal.command.DbMigrate      : Migrating schema "public" to version "2 - Populate Table Person"
2025-11-27T09:11:51.528-03:00  INFO 15220 --- [rest-with-spring-boot-and-java-erudio] [           main] o.f.core.internal.command.DbMigrate      : Migrating schema "public" to version "3 - Create Table Books"
2025-11-27T09:11:51.545-03:00  INFO 15220 --- [rest-with-spring-boot-and-java-erudio] [           main] o.f.core.internal.command.DbMigrate      : Migrating schema "public" to version "4 - Insert Data In Books"
2025-11-27T09:11:51.559-03:00  INFO 15220 --- [rest-with-spring-boot-and-java-erudio] [           main] o.f.core.internal.command.DbMigrate      : Migrating schema "public" to version "5 - Alter Table Person"
2025-11-27T09:11:51.600-03:00  INFO 15220 --- [rest-with-spring-boot-and-java-erudio] [           main] o.f.core.internal.command.DbMigrate      : Migrating schema "public" to version "6 - Populate person with many"
2025-11-27T09:11:51.647-03:00  INFO 15220 --- [rest-with-spring-boot-and-java-erudio] [           main] o.f.core.internal.command.DbMigrate      : Migrating schema "public" to version "7 - Populate Books With Many"
2025-11-27T09:11:51.666-03:00  INFO 15220 --- [rest-with-spring-boot-and-java-erudio] [           main] o.f.core.internal.command.DbMigrate      : Migrating schema "public" to version "8 - Alter Table Person Adding Photo And Wiki"
2025-11-27T09:11:51.678-03:00  INFO 15220 --- [rest-with-spring-boot-and-java-erudio] [           main] o.f.core.internal.command.DbMigrate      : Migrating schema "public" to version "11 - Create Join Table Person Books"
2025-11-27T09:11:51.691-03:00  INFO 15220 --- [rest-with-spring-boot-and-java-erudio] [           main] o.f.core.internal.command.DbMigrate      : Migrating schema "public" to version "12 - Insert Data In Join Table Person Books"
2025-11-27T09:11:51.732-03:00  INFO 15220 --- [rest-with-spring-boot-and-java-erudio] [           main] o.f.core.internal.command.DbMigrate      : Migrating schema "public" to version "13 - Create Table Permission"
2025-11-27T09:11:51.743-03:00  INFO 15220 --- [rest-with-spring-boot-and-java-erudio] [           main] o.f.core.internal.command.DbMigrate      : Migrating schema "public" to version "14 - Insert Data In Permission"
2025-11-27T09:11:51.755-03:00  INFO 15220 --- [rest-with-spring-boot-and-java-erudio] [           main] o.f.core.internal.command.DbMigrate      : Migrating schema "public" to version "15 - Create Table Users"
2025-11-27T09:11:51.767-03:00  INFO 15220 --- [rest-with-spring-boot-and-java-erudio] [           main] o.f.core.internal.command.DbMigrate      : Migrating schema "public" to version "16 - Insert Data In Users"
2025-11-27T09:11:51.778-03:00  INFO 15220 --- [rest-with-spring-boot-and-java-erudio] [           main] o.f.core.internal.command.DbMigrate      : Migrating schema "public" to version "17 - Create Table User Permission"
2025-11-27T09:11:51.791-03:00  INFO 15220 --- [rest-with-spring-boot-and-java-erudio] [           main] o.f.core.internal.command.DbMigrate      : Migrating schema "public" to version "18 - Insert Data In User Permission"
2025-11-27T09:11:51.804-03:00  INFO 15220 --- [rest-with-spring-boot-and-java-erudio] [           main] o.f.core.internal.command.DbMigrate      : Successfully applied 16 migrations to schema "public", now at version v18 (execution time 00:00.113s)
2025-11-27T09:11:51.914-03:00  INFO 15220 --- [rest-with-spring-boot-and-java-erudio] [           main] o.hibernate.jpa.internal.util.LogHelper  : HHH000204: Processing PersistenceUnitInfo [name: default]
2025-11-27T09:11:51.998-03:00  INFO 15220 --- [rest-with-spring-boot-and-java-erudio] [           main] org.hibernate.Version                    : HHH000412: Hibernate ORM core version 6.6.4.Final
2025-11-27T09:11:52.039-03:00  INFO 15220 --- [rest-with-spring-boot-and-java-erudio] [           main] o.h.c.internal.RegionFactoryInitiator    : HHH000026: Second-level cache disabled
2025-11-27T09:11:52.381-03:00  INFO 15220 --- [rest-with-spring-boot-and-java-erudio] [           main] o.s.o.j.p.SpringPersistenceUnitInfo      : No LoadTimeWeaver setup: ignoring JPA class transformer
2025-11-27T09:11:52.469-03:00  INFO 15220 --- [rest-with-spring-boot-and-java-erudio] [           main] org.hibernate.orm.connections.pooling    : HHH10001005: Database info:
	Database JDBC URL [Connecting through datasource 'HikariDataSource (HikariPool-1)']
	Database driver: undefined/unknown
	Database version: 13.22
	Autocommit mode: undefined/unknown
	Isolation level: undefined/unknown
	Minimum pool size: undefined/unknown
	Maximum pool size: undefined/unknown
2025-11-27T09:11:53.292-03:00  INFO 15220 --- [rest-with-spring-boot-and-java-erudio] [           main] o.h.e.t.j.p.i.JtaPlatformInitiator       : HHH000489: No JTA platform available (set 'hibernate.transaction.jta.platform' to enable JTA platform integration)
2025-11-27T09:11:53.294-03:00  INFO 15220 --- [rest-with-spring-boot-and-java-erudio] [           main] j.LocalContainerEntityManagerFactoryBean : Initialized JPA EntityManagerFactory for persistence unit 'default'
2025-11-27T09:11:53.554-03:00  INFO 15220 --- [rest-with-spring-boot-and-java-erudio] [           main] o.s.d.j.r.query.QueryEnhancerFactory     : Hibernate is in classpath; If applicable, HQL parser will be used.
2025-11-27T09:11:54.144-03:00  INFO 15220 --- [rest-with-spring-boot-and-java-erudio] [           main] r$InitializeUserDetailsManagerConfigurer : Global AuthenticationManager configured with UserDetailsService bean with name userService
2025-11-27T09:11:54.416-03:00  INFO 15220 --- [rest-with-spring-boot-and-java-erudio] [           main] b.c.o.services.FileStorageService        : Creating Directory C:\Code\UploadDir
2025-11-27T09:11:54.973-03:00  INFO 15220 --- [rest-with-spring-boot-and-java-erudio] [           main] o.s.v.b.OptionalValidatorFactoryBean     : Failed to set up a Bean Validation provider: jakarta.validation.NoProviderFoundException: Unable to create a Configuration, because no Jakarta Bean Validation provider could be found. Add a provider like Hibernate Validator (RI) to your classpath.
2025-11-27T09:11:55.434-03:00  INFO 15220 --- [rest-with-spring-boot-and-java-erudio] [           main] o.s.b.w.embedded.tomcat.TomcatWebServer  : Tomcat started on port 8888 (http) with context path '/'
2025-11-27T09:11:55.443-03:00  INFO 15220 --- [rest-with-spring-boot-and-java-erudio] [           main] b.c.o.i.c.c.w.BooksControllerCorsTest    : Started BooksControllerCorsTest in 10.332 seconds (process running for 11.851)
2025-11-27T09:11:56.650-03:00  INFO 15220 --- [rest-with-spring-boot-and-java-erudio] [nio-8888-exec-1] o.a.c.c.C.[Tomcat].[localhost].[/]       : Initializing Spring DispatcherServlet 'dispatcherServlet'
2025-11-27T09:11:56.651-03:00  INFO 15220 --- [rest-with-spring-boot-and-java-erudio] [nio-8888-exec-1] o.s.web.servlet.DispatcherServlet        : Initializing Servlet 'dispatcherServlet'
2025-11-27T09:11:56.652-03:00  INFO 15220 --- [rest-with-spring-boot-and-java-erudio] [nio-8888-exec-1] o.s.web.servlet.DispatcherServlet        : Completed initialization in 1 ms
]]></system-out>
    <system-err><![CDATA[Mockito is currently self-attaching to enable the inline-mock-maker. This will no longer work in future releases of the JDK. Please add Mockito as an agent to your build what is described in Mockito's documentation: https://javadoc.io/doc/org.mockito/mockito-core/latest/org/mockito/Mockito.html#0.3
WARNING: A Java agent has been loaded dynamically (C:\Users\willi\.m2\repository\net\bytebuddy\byte-buddy-agent\1.15.11\byte-buddy-agent-1.15.11.jar)
WARNING: If a serviceability tool is in use, please run with -XX:+EnableDynamicAgentLoading to hide this warning
WARNING: If a serviceability tool is not in use, please run with -Djdk.instrument.traceUsage for more information
WARNING: Dynamic loading of agents will be disallowed by default in a future release
]]></system-err>
  </testcase>
  <testcase name="create" classname="br.com.oliveirawillian.integrationtests.controllers.cors.withjson.BooksControllerCorsTest" time="0.285">
    <system-out><![CDATA[Request method:	POST
Request URI:	http://localhost:8888/api/books/v1
Proxy:			<none>
Request params:	<none>
Query params:	<none>
Form params:	<none>
Path params:	<none>
Headers:		Origin=https://erudio.com.br
				Authorization=Bearer eyJhbGciOiJIUzI1NiIsInR5cCI6IkpXVCJ9.eyJyb2xlcyI6WyJBRE1JTiIsIk1BTkFHRVIiXSwiaWF0IjoxNzY0MjQ1NTE2LCJleHAiOjE3NjQyNDkxMTYsInN1YiI6ImxlYW5kcm8iLCJpc3MiOiJodHRwOi8vbG9jYWxob3N0Ojg4ODgifQ.YfTSnTTwcpcdyOZl1gH1E8dE7LZK8czcvfe5SthYgTc
				Accept=*/*
				Content-Type=application/json
Cookies:		<none>
Multiparts:		<none>
Body:
{
    "id": null,
    "author": "Willian Oliveira",
    "launchDate": 1763175600000,
    "price": 100.0,
    "title": "Java a Alma da Progamação"
}
2025-11-27T09:11:57.214-03:00  INFO 15220 --- [rest-with-spring-boot-and-java-erudio] [nio-8888-exec-2] b.c.o.services.BooksService              : Creating one Books
HTTP/1.1 200 
Vary: Origin
Vary: Access-Control-Request-Method
Vary: Access-Control-Request-Headers
Access-Control-Allow-Origin: https://erudio.com.br
Access-Control-Allow-Credentials: true
X-Content-Type-Options: nosniff
X-XSS-Protection: 0
Cache-Control: no-cache, no-store, max-age=0, must-revalidate
Pragma: no-cache
Expires: 0
X-Frame-Options: DENY
Content-Type: application/json
Transfer-Encoding: chunked
Date: Thu, 27 Nov 2025 12:11:57 GMT
Keep-Alive: timeout=60
Connection: keep-alive

{
    "id": 216,
    "author": "Willian Oliveira",
    "launchDate": "2025-11-15T03:00:00.000+00:00",
    "price": 100.0,
    "title": "Java a Alma da Progamação",
    "_links": {
        "self": {
            "href": "http://localhost:8888/api/books/v1/216",
            "type": "GET"
        },
        "findAll": {
            "href": "http://localhost:8888/api/books/v1?page=1&size=12&direction=asc",
            "type": "GET"
        },
        "create": {
            "href": "http://localhost:8888/api/books/v1",
            "type": "POST"
        },
        "update": {
            "href": "http://localhost:8888/api/books/v1",
            "type": "PUT"
        },
        "delete": {
            "href": "http://localhost:8888/api/books/v1/216",
            "type": "DELETE"
        }
    }
}
]]></system-out>
  </testcase>
  <testcase name="createWithWrongOrigin" classname="br.com.oliveirawillian.integrationtests.controllers.cors.withjson.BooksControllerCorsTest" time="0.036">
    <system-out><![CDATA[Request method:	POST
Request URI:	http://localhost:8888/api/books/v1
Proxy:			<none>
Request params:	<none>
Query params:	<none>
Form params:	<none>
Path params:	<none>
Headers:		Origin=https://semeru.com.br
				Authorization=Bearer eyJhbGciOiJIUzI1NiIsInR5cCI6IkpXVCJ9.eyJyb2xlcyI6WyJBRE1JTiIsIk1BTkFHRVIiXSwiaWF0IjoxNzY0MjQ1NTE2LCJleHAiOjE3NjQyNDkxMTYsInN1YiI6ImxlYW5kcm8iLCJpc3MiOiJodHRwOi8vbG9jYWxob3N0Ojg4ODgifQ.YfTSnTTwcpcdyOZl1gH1E8dE7LZK8czcvfe5SthYgTc
				Accept=*/*
				Content-Type=application/json
Cookies:		<none>
Multiparts:		<none>
Body:
{
    "id": 216,
    "author": "Willian Oliveira",
    "launchDate": 1763175600000,
    "price": 100.0,
    "title": "Java a Alma da Progamação"
}
HTTP/1.1 403 
Vary: Origin
Vary: Access-Control-Request-Method
Vary: Access-Control-Request-Headers
X-Content-Type-Options: nosniff
X-XSS-Protection: 0
Cache-Control: no-cache, no-store, max-age=0, must-revalidate
Pragma: no-cache
Expires: 0
X-Frame-Options: DENY
Transfer-Encoding: chunked
Date: Thu, 27 Nov 2025 12:11:57 GMT
Keep-Alive: timeout=60
Connection: keep-alive

Invalid CORS request
]]></system-out>
  </testcase>
  <testcase name="findById" classname="br.com.oliveirawillian.integrationtests.controllers.cors.withjson.BooksControllerCorsTest" time="0.062">
    <system-out><![CDATA[Request method:	GET
Request URI:	http://localhost:8888/api/books/v1/216
Proxy:			<none>
Request params:	<none>
Query params:	<none>
Form params:	<none>
Path params:	id=216
Headers:		Origin=http://localhost:8080/
				Authorization=Bearer eyJhbGciOiJIUzI1NiIsInR5cCI6IkpXVCJ9.eyJyb2xlcyI6WyJBRE1JTiIsIk1BTkFHRVIiXSwiaWF0IjoxNzY0MjQ1NTE2LCJleHAiOjE3NjQyNDkxMTYsInN1YiI6ImxlYW5kcm8iLCJpc3MiOiJodHRwOi8vbG9jYWxob3N0Ojg4ODgifQ.YfTSnTTwcpcdyOZl1gH1E8dE7LZK8czcvfe5SthYgTc
				Accept=*/*
				Content-Type=application/json
Cookies:		<none>
Multiparts:		<none>
Body:			<none>
2025-11-27T09:11:57.465-03:00  INFO 15220 --- [rest-with-spring-boot-and-java-erudio] [nio-8888-exec-4] b.c.o.services.BooksService              : Finding one Books
HTTP/1.1 200 
Vary: Origin
Vary: Access-Control-Request-Method
Vary: Access-Control-Request-Headers
Access-Control-Allow-Origin: http://localhost:8080/
Access-Control-Allow-Credentials: true
X-Content-Type-Options: nosniff
X-XSS-Protection: 0
Cache-Control: no-cache, no-store, max-age=0, must-revalidate
Pragma: no-cache
Expires: 0
X-Frame-Options: DENY
Content-Type: application/json
Transfer-Encoding: chunked
Date: Thu, 27 Nov 2025 12:11:57 GMT
Keep-Alive: timeout=60
Connection: keep-alive

{
    "id": 216,
    "author": "Willian Oliveira",
    "launchDate": "2025-11-15",
    "price": 100.0,
    "title": "Java a Alma da Progamação",
    "_links": {
        "self": {
            "href": "http://localhost:8888/api/books/v1/216",
            "type": "GET"
        },
        "findAll": {
            "href": "http://localhost:8888/api/books/v1?page=1&size=12&direction=asc",
            "type": "GET"
        },
        "create": {
            "href": "http://localhost:8888/api/books/v1",
            "type": "POST"
        },
        "update": {
            "href": "http://localhost:8888/api/books/v1",
            "type": "PUT"
        },
        "delete": {
            "href": "http://localhost:8888/api/books/v1/216",
            "type": "DELETE"
        }
    }
}
]]></system-out>
  </testcase>
  <testcase name="findByIdWithWrongOrigin" classname="br.com.oliveirawillian.integrationtests.controllers.cors.withjson.BooksControllerCorsTest" time="0.017">
    <system-out><![CDATA[Request method:	GET
Request URI:	http://localhost:8888/api/books/v1/216
Proxy:			<none>
Request params:	<none>
Query params:	<none>
Form params:	<none>
Path params:	id=216
Headers:		Origin=https://semeru.com.br
				Authorization=Bearer eyJhbGciOiJIUzI1NiIsInR5cCI6IkpXVCJ9.eyJyb2xlcyI6WyJBRE1JTiIsIk1BTkFHRVIiXSwiaWF0IjoxNzY0MjQ1NTE2LCJleHAiOjE3NjQyNDkxMTYsInN1YiI6ImxlYW5kcm8iLCJpc3MiOiJodHRwOi8vbG9jYWxob3N0Ojg4ODgifQ.YfTSnTTwcpcdyOZl1gH1E8dE7LZK8czcvfe5SthYgTc
				Accept=*/*
				Content-Type=application/json
Cookies:		<none>
Multiparts:		<none>
Body:			<none>
HTTP/1.1 403 
Vary: Origin
Vary: Access-Control-Request-Method
Vary: Access-Control-Request-Headers
X-Content-Type-Options: nosniff
X-XSS-Protection: 0
Cache-Control: no-cache, no-store, max-age=0, must-revalidate
Pragma: no-cache
Expires: 0
X-Frame-Options: DENY
Transfer-Encoding: chunked
Date: Thu, 27 Nov 2025 12:11:57 GMT
Keep-Alive: timeout=60
Connection: keep-alive

Invalid CORS request
]]></system-out>
  </testcase>
</testsuite>