<?xml version="1.0" encoding="UTF-8"?>
<testsuite xmlns:xsi="http://www.w3.org/2001/XMLSchema-instance" xsi:noNamespaceSchemaLocation="https://maven.apache.org/surefire/maven-surefire-plugin/xsd/surefire-test-report.xsd" version="3.0.2" name="br.com.oliveirawillian.repository.PersonRepositoryTest" time="0.457" tests="2" errors="0" skipped="0" failures="0">
  <properties>
[...]
</properties>
  <testcase name="findPeopleByName" classname="br.com.oliveirawillian.repository.PersonRepositoryTest" time="0.016">
    <system-out><![CDATA[2025-11-27T09:11:59.987-03:00  INFO 15220 --- [rest-with-spring-boot-and-java-erudio] [           main] t.c.s.AnnotationConfigContextLoaderUtils : Could not detect default configuration classes for test class [br.com.oliveirawillian.integrationtests.testcontainers.AbstractIntegrationTest]: AbstractIntegrationTest does not declare any static, non-private, non-final, nested classes annotated with @Configuration.
2025-11-27T09:12:00.017-03:00  INFO 15220 --- [rest-with-spring-boot-and-java-erudio] [           main] .b.t.c.SpringBootTestContextBootstrapper : Found @SpringBootConfiguration br.com.oliveirawillian.Startup for test class br.com.oliveirawillian.repository.PersonRepositoryTest
2025-11-27T09:12:00.022-03:00  INFO 15220 --- [rest-with-spring-boot-and-java-erudio] [           main] o.s.b.d.r.RestartApplicationListener     : Restart disabled due to context in which it is running

  .   ____          _            __ _ _
 /\\ / ___'_ __ _ _(_)_ __  __ _ \ \ \ \
( ( )\___ | '_ | '_| | '_ \/ _` | \ \ \ \
 \\/  ___)| |_)| | | | | || (_| |  ) ) ) )
  '  |____| .__|_| |_|_| |_\__, | / / / /
 =========|_|==============|___/=/_/_/_/

 :: Spring Boot ::                (v3.4.1)

2025-11-27T09:12:00.047-03:00  INFO 15220 --- [rest-with-spring-boot-and-java-erudio] [           main] b.c.o.repository.PersonRepositoryTest    : Starting PersonRepositoryTest using Java 21.0.8 with PID 15220 (started by willi in C:\Users\willi\Documents\JavaProjetos\rest-with-spring-boot-and-java-erudio)
2025-11-27T09:12:00.048-03:00 DEBUG 15220 --- [rest-with-spring-boot-and-java-erudio] [           main] b.c.o.repository.PersonRepositoryTest    : Running with Spring Boot v3.4.1, Spring v6.2.1
2025-11-27T09:12:00.048-03:00  INFO 15220 --- [rest-with-spring-boot-and-java-erudio] [           main] b.c.o.repository.PersonRepositoryTest    : No active profile set, falling back to 1 default profile: "default"
2025-11-27T09:12:00.134-03:00  INFO 15220 --- [rest-with-spring-boot-and-java-erudio] [           main] .s.d.r.c.RepositoryConfigurationDelegate : Bootstrapping Spring Data JPA repositories in DEFAULT mode.
2025-11-27T09:12:00.175-03:00  INFO 15220 --- [rest-with-spring-boot-and-java-erudio] [           main] .s.d.r.c.RepositoryConfigurationDelegate : Finished Spring Data repository scanning in 40 ms. Found 3 JPA repository interfaces.
2025-11-27T09:12:00.219-03:00  INFO 15220 --- [rest-with-spring-boot-and-java-erudio] [           main] com.zaxxer.hikari.HikariDataSource       : HikariPool-2 - Starting...
2025-11-27T09:12:00.228-03:00  INFO 15220 --- [rest-with-spring-boot-and-java-erudio] [           main] com.zaxxer.hikari.pool.HikariPool        : HikariPool-2 - Added connection org.postgresql.jdbc.PgConnection@1d132288
2025-11-27T09:12:00.228-03:00  INFO 15220 --- [rest-with-spring-boot-and-java-erudio] [           main] com.zaxxer.hikari.HikariDataSource       : HikariPool-2 - Start completed.
2025-11-27T09:12:00.230-03:00  INFO 15220 --- [rest-with-spring-boot-and-java-erudio] [           main] org.flywaydb.core.FlywayExecutor         : Database: jdbc:postgresql://localhost:62953/test?loggerLevel=OFF (PostgreSQL 13.22)
2025-11-27T09:12:00.250-03:00  INFO 15220 --- [rest-with-spring-boot-and-java-erudio] [           main] o.f.core.internal.command.DbValidate     : Successfully validated 16 migrations (execution time 00:00.013s)
2025-11-27T09:12:00.265-03:00  INFO 15220 --- [rest-with-spring-boot-and-java-erudio] [           main] o.f.core.internal.command.DbMigrate      : Current version of schema "public": 18
2025-11-27T09:12:00.266-03:00  INFO 15220 --- [rest-with-spring-boot-and-java-erudio] [           main] o.f.core.internal.command.DbMigrate      : Schema "public" is up to date. No migration necessary.
2025-11-27T09:12:00.291-03:00  INFO 15220 --- [rest-with-spring-boot-and-java-erudio] [           main] o.hibernate.jpa.internal.util.LogHelper  : HHH000204: Processing PersistenceUnitInfo [name: default]
2025-11-27T09:12:00.293-03:00  INFO 15220 --- [rest-with-spring-boot-and-java-erudio] [           main] o.h.c.internal.RegionFactoryInitiator    : HHH000026: Second-level cache disabled
2025-11-27T09:12:00.303-03:00  INFO 15220 --- [rest-with-spring-boot-and-java-erudio] [           main] o.s.o.j.p.SpringPersistenceUnitInfo      : No LoadTimeWeaver setup: ignoring JPA class transformer
2025-11-27T09:12:00.310-03:00  INFO 15220 --- [rest-with-spring-boot-and-java-erudio] [           main] org.hibernate.orm.connections.pooling    : HHH10001005: Database info:
	Database JDBC URL [Connecting through datasource 'HikariDataSource (HikariPool-2)']
	Database driver: undefined/unknown
	Database version: 13.22
	Autocommit mode: undefined/unknown
	Isolation level: undefined/unknown
	Minimum pool size: undefined/unknown
	Maximum pool size: undefined/unknown
2025-11-27T09:12:00.381-03:00  INFO 15220 --- [rest-with-spring-boot-and-java-erudio] [           main] o.h.e.t.j.p.i.JtaPlatformInitiator       : HHH000489: No JTA platform available (set 'hibernate.transaction.jta.platform' to enable JTA platform integration)
2025-11-27T09:12:00.381-03:00  INFO 15220 --- [rest-with-spring-boot-and-java-erudio] [           main] j.LocalContainerEntityManagerFactoryBean : Initialized JPA EntityManagerFactory for persistence unit 'default'
2025-11-27T09:12:00.416-03:00  INFO 15220 --- [rest-with-spring-boot-and-java-erudio] [           main] b.c.o.repository.PersonRepositoryTest    : Started PersonRepositoryTest in 0.395 seconds (process running for 16.824)
Hibernate: select p1_0.id,p1_0.wikipedia_profile_url,p1_0.address,p1_0.enabled,p1_0.first_name,p1_0.gender,p1_0.last_name,p1_0.photo_url from person p1_0 where p1_0.first_name like lower(('%'||?||'%')) escape '' order by p1_0.first_name fetch first ? rows only
Hibernate: select b1_0.person_id,b1_1.id,b1_1.author,b1_1.launch_date,b1_1.price,b1_1.title from person_books b1_0 join books b1_1 on b1_1.id=b1_0.book_id where b1_0.person_id=?
Hibernate: select b1_0.person_id,b1_1.id,b1_1.author,b1_1.launch_date,b1_1.price,b1_1.title from person_books b1_0 join books b1_1 on b1_1.id=b1_0.book_id where b1_0.person_id=?
]]></system-out>
  </testcase>
  <testcase name="disablePerson" classname="br.com.oliveirawillian.repository.PersonRepositoryTest" time="0.007">
    <system-out><![CDATA[Hibernate: update person p1_0 set enabled=false where p1_0.id=?
Hibernate: select p1_0.id,p1_0.wikipedia_profile_url,p1_0.address,p1_0.enabled,p1_0.first_name,p1_0.gender,p1_0.last_name,p1_0.photo_url,b1_0.person_id,b1_1.id,b1_1.author,b1_1.launch_date,b1_1.price,b1_1.title from person p1_0 left join person_books b1_0 on p1_0.id=b1_0.person_id left join books b1_1 on b1_1.id=b1_0.book_id where p1_0.id=?
]]></system-out>
  </testcase>
</testsuite>